--java.lang.AssertionError: the size of the result sets mismatch (11 and 10)!
---- SELECT t1.c1, t1.c0, t0.c0, t1.c2 FROM t0, t1;
---- cardinality: 11
---- SELECT t1.c1, t1.c0, t0.c0, t1.c2 FROM t0, t1 WHERE (((t0.c0) ::DATE) IN (DATE '1970-01-20')) UNION ALL SELECT t1.c1, t1.c0, t0.c0, t1.c2 FROM t0, t1 WHERE (NOT (((t0.c0) ::DATE) IN (DATE '1970-01-20'))) UNION ALL SELECT t1.c1, t1.c0, t0.c0, t1.c2 FROM t0, t1 WHERE (((((t0.c0) ::DATE) IN (DATE '1970-01-20'))) IS NULL);
---- cardinality: 10
--	at sqlancer.ComparatorHelper.assumeResultSetsAreEqual(ComparatorHelper.java:97)
--	at sqlancer.ComparatorHelper.assumeResultSetsAreEqual(ComparatorHelper.java:128)
--	at sqlancer.duckdb.test.DuckDBQueryPartitioningWhereTester.check(DuckDBQueryPartitioningWhereTester.java:41)
--	at sqlancer.ProviderAdapter.generateAndTestDatabase(ProviderAdapter.java:61)
--	at sqlancer.Main$DBMSExecutor.run(Main.java:364)
--	at sqlancer.Main$2.run(Main.java:559)
--	at sqlancer.Main$2.runThread(Main.java:541)
--	at sqlancer.Main$2.run(Main.java:532)
--	at java.base/java.util.concurrent.ThreadPoolExecutor.runWorker(ThreadPoolExecutor.java:1128)
--	at java.base/java.util.concurrent.ThreadPoolExecutor$Worker.run(ThreadPoolExecutor.java:628)
--	at java.base/java.lang.Thread.run(Thread.java:834)
---- Time: 2023/04/27 14:14:48
-- Database: database2
-- Database version: v0.5.1
-- seed value: 1682572622105
CREATE TABLE t0(c0 TIMESTAMP, PRIMARY KEY(c0));
CREATE TABLE t1(c0 INT DEFAULT('-1281848605'), c1 INTEGER DEFAULT(TIMESTAMP '1969-12-29 02:38:02'), c2 BOOLEAN, PRIMARY KEY(c2, c1));
INSERT INTO t0(c0) VALUES (206656007);
INSERT INTO t1(c2, c1, c0) VALUES (DATE '1970-01-20', '', '-200404213'), ('', 1.6966822E8, -705663009);
INSERT INTO t0(c0) VALUES (DATE '1970-01-06'), (1618810214), (0.32407154894990375);
INSERT INTO t1(c0, c1) VALUES ('', DATE '1970-01-16'), (TIMESTAMP '1969-12-29 21:06:02', DEFAULT);
INSERT INTO t1(c2, c0, c1) VALUES (DATE '1969-12-21', '讇b(l쿎(}', 1462251680);
INSERT INTO t0(c0) VALUES (0.3588359104433758);
INSERT INTO t1(c2, c1, c0) VALUES (DATE '1969-12-31', false, TIMESTAMP '1970-01-14 00:36:19');
INSERT INTO t0(c0) VALUES ('+Inf');
INSERT INTO t1(c0, c1) VALUES (DATE '1969-12-11', DATE '1970-01-24'), ('', '-1964815715');
INSERT INTO t0(c0) VALUES (0.42156294078649803);
INSERT INTO t0(c0) VALUES (false);
INSERT INTO t0(c0) VALUES (true);
INSERT INTO t0(c0) VALUES (DATE '1969-12-07');
INSERT INTO t1(c0) VALUES (DATE '1969-12-29');
INSERT INTO t0(c0) VALUES (-279606404);
INSERT INTO t1(c0) VALUES ('癚0U3g	');
INSERT INTO t1(c2, c0) VALUES (0.9925440460557408, -744412485), (TIMESTAMP '1970-01-15 16:26:21', TIMESTAMP '1970-01-04 02:14:00');
INSERT INTO t0(c0) VALUES ('dh'), ('Bz');
INSERT INTO t0(c0) VALUES (DEFAULT), (0.6052509679801349), (TIMESTAMP '1969-12-30 20:27:22');
INSERT INTO t0(c0) VALUES (9223372036854775807);
INSERT INTO t0(c0) VALUES (1827712916);
INSERT INTO t0(c0) VALUES (-755521431);
INSERT INTO t1(c1, c2, c0) VALUES (631791287, 'aiv', DATE '1970-01-17');
INSERT INTO t1(c0, c1, c2) VALUES (0.48268884590395056, DEFAULT, DATE '1970-01-21');
INSERT INTO t1(c1) VALUES (0.49033462534400707);
INSERT INTO t1(c2, c0) VALUES (0.9739653376974133, false);
INSERT INTO t1(c0, c1, c2) VALUES (114291142, 0.8544857142240789, DEFAULT);
INSERT INTO t0(c0) VALUES (-626777787);
INSERT INTO t1(c1) VALUES (TIMESTAMP '1970-01-16 04:09:33');
INSERT INTO t0(c0) VALUES (0.8745246354519568);
INSERT INTO t1(c0, c2, c1) VALUES (0.9539853628070031, TIMESTAMP '1970-01-13 02:52:58', ''), (DEFAULT, DATE '1969-12-08', '');
INSERT INTO t0(c0) VALUES (-1018090791);
INSERT INTO t1(c0, c1, c2) VALUES (-629811977, true, true);
INSERT INTO t1(c0, c2) VALUES (TIMESTAMP '1970-01-21 22:50:31', -1.494159787E9);
INSERT INTO t0(c0) VALUES (DATE '1970-01-16'), ('-1675058784'), (TIMESTAMP '1969-12-25 18:17:10');
INSERT INTO t1(c0) VALUES (0.4432597700195552);
INSERT INTO t1(c1, c0) VALUES (TIMESTAMP '1970-01-10 13:10:00', -2077407715);
INSERT INTO t1(c1, c2) VALUES (true, '');
INSERT INTO t1(c2) VALUES (TIMESTAMP '1969-12-17 09:30:55');
INSERT INTO t0(c0) VALUES (460925847);
INSERT INTO t1(c2) VALUES (0.8005914396466539), (DATE '1970-01-04');
INSERT INTO t0(c0) VALUES (DATE '1969-12-20');
INSERT INTO t0(c0) VALUES ('濟?K/');
INSERT INTO t1(c1, c0) VALUES (TIMESTAMP '1970-01-25 17:47:51', DATE '1969-12-16');
INSERT INTO t0(c0) VALUES (DEFAULT);
INSERT INTO t1(c2, c0) VALUES (-300322181, true), (TIMESTAMP '1970-01-04 10:58:54', -1371909959);
INSERT INTO t0(c0) VALUES (''), (TIMESTAMP '1969-12-23 12:51:27');
INSERT INTO t0(c0) VALUES (TIMESTAMP '1970-01-07 12:21:44');
CREATE VIEW v0(c0) AS SELECT (NOT (t1.c2 LIKE ((t0.c0)AND(t0.c0)) ESCAPE 1009635893)) FROM t0, t1 GROUP BY ((((TIMESTAMP '1969-12-12 10:34:07') IS NOT NULL))NOT LIKE(t1.c1)) HAVING TIMESTAMP '1969-12-27 02:46:14' LIMIT 752772720;
CREATE VIEW v0(c0, c1, c2) AS SELECT (((((DATE '1969-12-09')>=(t1.c1)) IN ((- DATE '1970-01-03'))))<(LENGTH(((((t1.c2 NOT IN ('픏J*8IUg/')) BETWEEN true AND MOD((- TIMESTAMP '1969-12-27 20:45:37'), ((-956414830)!=((t1.c0 NOT IN (t0.c0, '癚0U3G	', ((t1.c2) ::BOOLEAN)))))))) COLLATE NOACCENT)))), COS(TIMESTAMP '1970-01-12 23:28:22'), ((((TIMESTAMP '1969-12-23 15:24:16')AND(((t1.c0) COLLATE NOACCENT)))) ::VARCHAR) FROM t0, t1 GROUP BY ((TIMESTAMP '1970-01-11 08:06:49') ::BOOL) HAVING 5.59976613E8;
CREATE VIEW v0(c0) AS SELECT (- ((-2.142526144E9)LIKE(t1.c2))) FROM t0, t1 WHERE t1.c0 HAVING false;
CREATE VIEW v0(c0) AS SELECT 1.180332325E9 FROM t1, t0 WHERE (CASE ((TIMESTAMP '1969-12-08 03:20:49')AND(((-1466480157) IS NOT NULL))) WHEN t1.c1 THEN DATE '1969-12-20' WHEN (('-1010313012' NOT BETWEEN -1750951158 AND 0.021935177762260172) IN (t1.c1, false, ((DATE '1970-01-22') IS NOT NULL))) THEN true WHEN ((-561785423)-((CASE t1.c2 WHEN t1.c0 THEN 2.79087958E8 ELSE t0.c0 END ))) THEN (((DATE '1970-01-05')OR(DATE '1969-12-17')) LIKE ((t0.c0) IS NOT NULL) ESCAPE t0.c0) WHEN ((true) IS NOT NULL) THEN t1.c2 WHEN t1.c2 THEN (+ t0.c0) ELSE (((t1.c1) ::VARCHAR) IN (-1459057672)) END ) GROUP BY t1.c2 HAVING ((CASE t1.c0 WHEN 602651454 THEN t1.c0 WHEN t0.c0 THEN t0.c0 WHEN ((t0.c0) IS NULL) THEN true ELSE t1.c0 END ) NOT BETWEEN t1.c2 AND (((t1.c0)>>(true)) IN (((t1.c1)<=(false)), false, STRING_AGG(t0.c0)))) OFFSET 2026893230;
CREATE VIEW v0(c0) AS SELECT ((t0.c0)%('797116119')) FROM t0, t1 WHERE TIMESTAMP '1969-12-15 09:38:52' GROUP BY ((t0.c0)OR((+ '-812278661')));
CREATE VIEW v0(c0) AS SELECT t1.c1 FROM t1, t0 WHERE (((((false)NOT SIMILAR TO(TIMESTAMP '1970-01-04 16:22:13')))/(t1.c2)) NOT IN (SUBSTRING(((+ ((DATE '1969-12-07') ::DOUBLE)) BETWEEN (- (0.4890702191922168 LIKE 5.60069418E8 ESCAPE TIMESTAMP '1970-01-08 11:25:01')) AND (t1.c0 NOT BETWEEN (t1.c0 LIKE t1.c2 ESCAPE DATE '1970-01-03') AND TIMESTAMP '1970-01-03 11:47:32')), (((true NOT BETWEEN -4.10138709E8 AND '9/gG9Krn')) COLLATE POSIX), ((('') COLLATE NOACCENT.NOCASE) IN (((CONCAT(DATE '1970-01-23', ((TIMESTAMP '1969-12-07 16:38:29')OR(t1.c1)), ((false)OR(t1.c0)))) ::BIGINT), (CASE t1.c2 WHEN -1764481324 THEN ((t1.c1)*('i')) WHEN t1.c2 THEN ((t1.c2)<<('')) WHEN t1.c2 THEN 0.4497956652301439 ELSE (NOT 'ﯟ|nMHK̢') END ), false))))) HAVING (((NOT '6{'))LIKE(t1.c2)) OFFSET 1953616347;
CREATE VIEW v0(c0, c1, c2) AS SELECT t0.c0, t0.c0, LOG10(t0.c0) FROM t0 WHERE (t0.c0 NOT BETWEEN ((((t0.c0) COLLATE NOACCENT))OR((t0.c0 BETWEEN t0.c0 AND t0.c0))) AND (('I?/') COLLATE C)) HAVING 2.79087958E8 LIMIT 99704383 OFFSET 2042546786;
CREATE VIEW v0(c0) AS SELECT (((- t0.c0)) COLLATE NOCASE) FROM t0 HAVING (CASE AVG(t0.c0) WHEN '*-Vtd4' THEN t0.c0 ELSE (CASE -1.072151041E9 WHEN t0.c0 THEN ('9[' NOT IN (t0.c0, '+', TIMESTAMP '1970-01-01 00:24:00')) WHEN ((t0.c0) IS NOT NULL) THEN true WHEN t0.c0 THEN ((t0.c0)&(false)) ELSE t0.c0 END ) END ) LIMIT 2064020689;
CREATE VIEW v0(c0) AS SELECT ((((t0.c0)>>(true))) IS NULL) FROM t0 OFFSET 1512055453;
CREATE VIEW v0(c0, c1, c2) AS SELECT t1.c1, DATE_PART(DATE '1970-01-01', ((CASE t1.c1 WHEN ((0.5530073265893014) ::TIMESTAMP) THEN t1.c0 WHEN t1.c2 THEN ((t0.c0)AND(DATE '1970-01-15')) WHEN t1.c1 THEN COS(((((NOT DATE '1970-01-22') IN (t1.c2)))OR(((TIMESTAMP '1970-01-21 23:06:01' BETWEEN t1.c2 AND t0.c0) LIKE 'Z' ESCAPE t1.c2)))) ELSE (t1.c1 NOT IN (t0.c0, t1.c2, DATE '1969-12-14')) END ) NOT IN (((((t1.c1)OR(t0.c0)))%(((DATE '1969-12-12')%(t0.c0))))))), ((((CASE t1.c0 WHEN 559976613 THEN '1e500' WHEN 0.1590485158745707 THEN t1.c0 WHEN t0.c0 THEN t1.c0 ELSE t1.c2 END ) NOT BETWEEN TIMESTAMP '1969-12-30 14:27:20' AND 351447674))!~(t1.c0)) FROM t0 LEFT  JOIN t1 ON 0.2075579435419207 GROUP BY ((2.9187418E7) IS NOT NULL) LIMIT 1650772007 OFFSET 190471478;
CREATE VIEW v0(c0) AS SELECT ((t1.c0) IS NOT NULL) FROM t0 LEFT  JOIN t1 ON (- t0.c0) ORDER BY true;
CREATE VIEW v0(c0, c1, c2) AS SELECT 1382040062, ((t0.c0) ::VARCHAR), ((t0.c0) COLLATE NOACCENT.NOCASE) FROM t0;
CREATE VIEW v0(c0) AS SELECT ((SIGN((((((NOT DATE '1970-01-07'))/(TIMESTAMP '1970-01-21 04:49:29')))|(((('0.2671236489048202' IN (0.7234644205409236, t1.c1, t1.c0))) ::DATETIME))))) ::VARCHAR) FROM t0, t1 WHERE DATE '1970-01-22' GROUP BY (((NOT true))*((((CASE false WHEN t1.c2 THEN t1.c0 ELSE '' END ))AND(((0.0)*('⌯I6cJ')))))), (+ ((-1861004435 LIKE DATE '1970-01-09' ESCAPE t1.c1) IN (t1.c1))), t1.c1 ORDER BY (t0.c0 BETWEEN ((t0.c0 NOT IN (t1.c2)) IN ((CASE t1.c2 WHEN t1.c2 THEN t1.c2 WHEN '!&,/<~yA' THEN -1.010313012E9 WHEN t1.c2 THEN -292769050 ELSE t0.c0 END ), ')1', ((TIMESTAMP '1970-01-02 20:22:16') ::BOOLEAN))) AND 0.7072832287967477) DESC, -1302802109 DESC, ((((t1.c0)=(((t1.c1)~(t1.c0)))))|((t1.c1 BETWEEN t1.c0 AND (CASE t1.c1 WHEN t1.c2 THEN t1.c0 WHEN t0.c0 THEN TIMESTAMP '1970-01-07 00:00:58' WHEN TIMESTAMP '1970-01-16 09:22:56' THEN false ELSE t1.c0 END )))) DESC OFFSET 2111408263;
CREATE VIEW v2(c0) AS SELECT t0.c0 FROM t0, t1 WHERE TIMESTAMP '1970-01-22 23:13:43' HAVING 0.7145628968231775 OFFSET 40832564;
CREATE VIEW v0(c0) AS SELECT ((t0.c0)%(((((t0.c0) COLLATE POSIX)) ::DATETIME))) FROM t0 WHERE (((((t0.c0) ::VARCHAR) LIKE ((t0.c0)=(t0.c0)) ESCAPE t0.c0)) ::DATETIME) GROUP BY (((t0.c0 IN (t0.c0))) IS NOT NULL), ((t0.c0)NOT LIKE((CASE 767230471 WHEN ((1412495054)OR(true)) THEN false ELSE ((t0.c0) IS NOT NULL) END ))), t0.c0 HAVING MIN((CASE false WHEN LTRIM((('') COLLATE NOACCENT)) THEN (907643234 BETWEEN 0.1581405816224728 AND t0.c0) ELSE t0.c0 END )) ORDER BY false DESC, (((((t0.c0 LIKE -1.466480157E9 ESCAPE 0.775619272371011)) IS NOT NULL))AND(t0.c0)), (NOT DATE '1970-01-21') ASC, t0.c0, (CASE t0.c0 WHEN TIMESTAMP '1969-12-09 07:44:38' THEN ((CASE t0.c0 WHEN t0.c0 THEN t0.c0 ELSE t0.c0 END ) NOT BETWEEN t0.c0 AND t0.c0) ELSE t0.c0 END ) ASC;
CREATE VIEW v0(c0) AS SELECT ((((((t1.c1)/(TIMESTAMP '1970-01-03 07:07:48'))) IS NOT NULL))NOT SIMILAR TO(0.08165119544235466)) FROM t1 WHERE TIMESTAMP '1969-12-25 14:35:10' GROUP BY (((((NOT '̢''f䧣%zog\n'))AND((t1.c0 NOT IN (0.6556521987251827)))))>=(((((true)AND(DATE '1969-12-13')))OR(t1.c0)))), 662588949, 0.8125423072587388 ORDER BY t1.c1;
CREATE VIEW v0(c0, c1, c2) AS SELECT t1.c2, DATE '1970-01-08', ((DATE '1970-01-13')<<(((+ t1.c1) BETWEEN 1637295995 AND NULL))) FROM t0, t1 WHERE ((((t1.c1)-((NOT 0.1667677062631766))))OR(false)) HAVING t1.c2 ORDER BY (CASE 0.07984218525496722 WHEN ((t1.c1) ::INT4) THEN t1.c0 ELSE (((CASE 771964743 WHEN -279606404 THEN TIMESTAMP '1969-12-17 11:55:51' WHEN t1.c1 THEN t0.c0 WHEN t1.c2 THEN t1.c1 ELSE t0.c0 END ))>>(((t1.c0) IS NULL))) END ) LIMIT 1025663511;
CREATE VIEW v0(c0) AS SELECT (((((+ 1.180332325E9)) ::VARCHAR)) COLLATE C) FROM t1 WHERE t1.c2 GROUP BY DATE '1969-12-19', (- t1.c2), (((((DATE '1970-01-21') COLLATE C)) COLLATE NOACCENT) NOT IN ('l8')) HAVING 'fB' LIMIT 1219577311;
CREATE VIEW v0(c0) AS SELECT TIMESTAMP '1970-01-10 10:27:01' FROM t1, t0 WHERE t1.c1 GROUP BY ((DATE '1969-12-28') IS NULL) HAVING 0.4165462127102135 ORDER BY 0.9186440264817709, ((t1.c2)!~((NOT NULL))), DATE '1970-01-15' LIMIT 604262992;
CREATE VIEW v0(c0, c1, c2) AS SELECT (+ YEARWEEK('1180332325')), t1.c1, (((- (246143062 LIKE '' ESCAPE t1.c0))) ::DATE) FROM t1 WHERE ((t1.c2)<(false)) GROUP BY DATE '1969-12-10', t1.c2, t1.c2 ORDER BY t1.c0 ASC;
CREATE VIEW v0(c0) AS SELECT t0.c0 FROM t0 HAVING STDDEV_POP(t0.c0) ORDER BY t0.c0 DESC, ((DATE '1970-01-11')*(t0.c0)), (((CASE t0.c0 WHEN (TIMESTAMP '1970-01-04 13:31:27' IN (-2082273849)) THEN ((t0.c0)/(t0.c0)) WHEN 2087915378 THEN (t0.c0 IN (DATE '1969-12-12')) WHEN TIMESTAMP '1970-01-11 12:49:15' THEN t0.c0 WHEN 461732196 THEN ((1094869233) COLLATE NOCASE) WHEN REGEXP_REPLACE(t0.c0, (((((('1535391210')LIKE(t0.c0))) COLLATE NOACCENT)) ::TINYINT), t0.c0) THEN ((-1128836277) COLLATE C) ELSE t0.c0 END ))AND(((t0.c0 NOT BETWEEN t0.c0 AND t0.c0) LIKE t0.c0 ESCAPE DATE '1969-12-15'))) OFFSET 501117404;
CREATE VIEW v0(c0) AS SELECT t1.c1 FROM t1, t0 HAVING t1.c1 ORDER BY 'DKz0' DESC OFFSET 1793658812;
CREATE VIEW v0(c0) AS SELECT -1010313012 FROM t1, t0 OFFSET 80404717;
INSERT INTO t0(c0) VALUES (TIMESTAMP '1970-01-09 12:54:18');
UPDATE t1 SET c2=0.4379119762019267;
UPDATE t1 SET c0='1282173540';
UPDATE t0 SET c0=DATE '1969-12-19';
UPDATE t1 SET c2=DATE '1969-12-18', c0='lPa|F	x';
UPDATE t0 SET c0=TIMESTAMP '1970-01-26 02:48:40';
UPDATE t0 SET c0='0.020077284262822848';
UPDATE t1 SET c2=DATE '1969-12-07', c1=1781513041, c0=DATE '1970-01-20';
UPDATE t1 SET c0='1781431318';
UPDATE t0 SET c0=true;
UPDATE t1 SET c2=TIMESTAMP '1970-01-09 19:03:46';
UPDATE t0 SET c0='^\䪃1PÜ ';
UPDATE t0 SET c0=DATE '1970-01-05';
UPDATE t0 SET c0=-5.81089924E8;
UPDATE t0 SET c0=TIMESTAMP '1970-01-16 09:17:09';
UPDATE t0 SET c0=true;
UPDATE t1 SET c2='{^', c0=-2077031420, c1=0.5052875597628276;
UPDATE t1 SET c2='560069418', c1=0.7937689628055951;
UPDATE t1 SET c1='';
UPDATE t1 SET c1=-2142526144, c0=false, c2=TIMESTAMP '1970-01-11 00:04:49';
UPDATE t0 SET c0='[4\~w3xR''';
UPDATE t0 SET c0=881355871;
UPDATE t1 SET c1=TIMESTAMP '1970-01-02 22:28:59', c0='ꕀジDSn작Q';
UPDATE t1 SET c0=true, c2=1285418555, c1=2.9187418E7;
INSERT INTO t0(c0) VALUES (true);
INSERT INTO t0(c0) VALUES (0.9836459478023252);
INSERT INTO t1(c0) VALUES ('1649726735');
INSERT INTO t1(c0) VALUES (-1234094770);
INSERT INTO t0(c0) VALUES (true), (-1964815715);
INSERT INTO t0(c0) VALUES (DATE '1969-12-19');
UPDATE t0 SET c0='}x';
UPDATE t1 SET c1=true;
UPDATE t0 SET c0=0.541040694601514;
UPDATE t0 SET c0=false;
UPDATE t0 SET c0=DATE '1969-12-20';
UPDATE t0 SET c0=DATE '1969-12-24';
UPDATE t1 SET c2=-5.97212171E8, c1=0.9330954124959645, c0=553688926;
UPDATE t0 SET c0=NULL;
UPDATE t0 SET c0=TIMESTAMP '1970-01-24 00:29:06';
UPDATE t1 SET c1=-1992098748, c0=0.1666572476670226;
INSERT INTO t0(c0) VALUES (false);
INSERT INTO t0(c0) VALUES (0.6143589282916384), (DATE '1970-01-17');
INSERT INTO t1(c1, c2) VALUES (true, DATE '1969-12-21');
INSERT INTO t1(c0) VALUES (false), (TIMESTAMP '1970-01-12 03:52:58'), (false);
INSERT INTO t0(c0) VALUES (DATE '1969-12-27');
INSERT INTO t1(c0, c2) VALUES (TIMESTAMP '1970-01-22 11:41:52', DATE '1970-01-14'), (TIMESTAMP '1969-12-19 19:55:25', DEFAULT);
INSERT INTO t0(c0) VALUES (-570651942);
INSERT INTO t0(c0) VALUES (TIMESTAMP '1970-01-02 22:28:59'), (DEFAULT);
INSERT INTO t1(c2) VALUES (DEFAULT), (DATE '1970-01-18');
INSERT INTO t0(c0) VALUES (DATE '1969-12-17');
INSERT INTO t1(c2, c1) VALUES (false, DATE '1969-12-18');
INSERT INTO t0(c0) VALUES (TIMESTAMP '1970-01-20 10:15:26');
INSERT INTO t1(c0, c2) VALUES ('', DEFAULT), (625281354, TIMESTAMP '1970-01-17 05:14:50'), (TIMESTAMP '1970-01-13 13:52:27', DATE '1969-12-27');
INSERT INTO t0(c0) VALUES (-1.940279071E9);
INSERT INTO t0(c0) VALUES (TIMESTAMP '1970-01-25 16:32:31');
INSERT INTO t0(c0) VALUES (DATE '1970-01-05');
EXPLAIN SELECT 0.3514540077744297 FROM t1, t0, v0 WHERE t1.c1 HAVING COUNT('') LIMIT 1402187801;
INSERT INTO t0(c0) VALUES (true);
INSERT INTO t1(c1, c0, c2) VALUES ('	&|즜~J5', DEFAULT, 0.24179984693444168);
INSERT INTO t0(c0) VALUES (false);
INSERT INTO t1(c1) VALUES (6.24311889E8);
INSERT INTO t0(c0) VALUES (0.6104909326789015);
INSERT INTO t1(c0, c2) VALUES (TIMESTAMP '1969-12-15 06:59:57', DEFAULT);
INSERT INTO t0(c0) VALUES (726441065), (''), (TIMESTAMP '1969-12-23 04:22:21');
INSERT INTO t0(c0) VALUES (NULL), (false), (false);
INSERT INTO t0(c0) VALUES (TIMESTAMP '1969-12-07 18:53:31');
-- SELECT t1.c1, t1.c0, t0.c0, t1.c2 FROM t0, t1;\n-- cardinality: 11\n-- SELECT t1.c1, t1.c0, t0.c0, t1.c2 FROM t0, t1 WHERE (((t0.c0) ::DATE) IN (DATE '1970-01-20')) UNION ALL SELECT t1.c1, t1.c0, t0.c0, t1.c2 FROM t0, t1 WHERE (NOT (((t0.c0) ::DATE) IN (DATE '1970-01-20'))) UNION ALL SELECT t1.c1, t1.c0, t0.c0, t1.c2 FROM t0, t1 WHERE (((((t0.c0) ::DATE) IN (DATE '1970-01-20'))) IS NULL);\n-- cardinality: 10;
