--java.lang.AssertionError: SELECT * FROM v0, t1 NATURAL RIGHT JOIN t0 WHERE t1.c1 UNION ALL SELECT * FROM v0, t1 NATURAL RIGHT JOIN t0 WHERE (NOT t1.c1) UNION ALL SELECT * FROM v0, t1 NATURAL RIGHT JOIN t0 WHERE ((t1.c1) IS NULL);
--	at sqlancer.common.query.SQLQueryAdapter.checkException(SQLQueryAdapter.java:111)
--	at sqlancer.common.query.SQLQueryAdapter.executeAndGet(SQLQueryAdapter.java:141)
--	at sqlancer.ComparatorHelper.getResultSetFirstColumnAsString(ComparatorHelper.java:55)
--	at sqlancer.ComparatorHelper.getCombinedResultSet(ComparatorHelper.java:140)
--	at sqlancer.duckdb.test.DuckDBQueryPartitioningWhereTester.check(DuckDBQueryPartitioningWhereTester.java:39)
--	at sqlancer.ProviderAdapter.generateAndTestDatabase(ProviderAdapter.java:61)
--	at sqlancer.Main$DBMSExecutor.run(Main.java:364)
--	at sqlancer.Main$2.run(Main.java:559)
--	at sqlancer.Main$2.runThread(Main.java:541)
--	at sqlancer.Main$2.run(Main.java:532)
--	at java.base/java.util.concurrent.ThreadPoolExecutor.runWorker(ThreadPoolExecutor.java:1128)
--	at java.base/java.util.concurrent.ThreadPoolExecutor$Worker.run(ThreadPoolExecutor.java:628)
--	at java.base/java.lang.Thread.run(Thread.java:834)
--Caused by: java.sql.SQLException: java.sql.SQLException: INTERNAL Error: TableCatalogEntry::GetStatistics column_id out of range
--	at org.duckdb.DuckDBPreparedStatement.prepare(DuckDBPreparedStatement.java:111)
--	at org.duckdb.DuckDBPreparedStatement.executeQuery(DuckDBPreparedStatement.java:179)
--	at sqlancer.common.query.SQLQueryAdapter.executeAndGet(SQLQueryAdapter.java:131)
--	... 11 more
--Caused by: java.sql.SQLException: INTERNAL Error: TableCatalogEntry::GetStatistics column_id out of range
--	at org.duckdb.DuckDBNative.duckdb_jdbc_prepare(Native Method)
--	at org.duckdb.DuckDBPreparedStatement.prepare(DuckDBPreparedStatement.java:101)
--	... 13 more
---- Time: 2023/04/27 14:16:19
-- Database: database3
-- Database version: v0.5.1
-- seed value: 1682572622106
CREATE TABLE t0(c0 INT2);
CREATE TABLE t1(c0 INTEGER NOT NULL DEFAULT('ztj)VA'), c1 DATE UNIQUE, PRIMARY KEY(c1, c0));
INSERT INTO t0(c0, rowid) VALUES (0.6616268713668612, 1666967778), (821867643, -1.94320526E9), ('0.6987637108628743', DATE '1970-01-03');
INSERT INTO t1(c1, c0) VALUES (true, true), (TIMESTAMP '1970-01-01 19:03:24', TIMESTAMP '1969-12-31 23:45:18');
INSERT INTO t1(c1) VALUES (DATE '1970-01-01'), (TIMESTAMP '1969-12-10 18:49:13');
INSERT INTO t1(c1, c0) VALUES (2010407807, true), (DATE '1970-01-10', DATE '1969-12-28');
INSERT INTO t0(rowid) VALUES (true);
INSERT INTO t1(c0) VALUES (3.11446149E8);
INSERT INTO t1(c0, c1) VALUES (-65534667, 0.502239628571946), (false, -1.010490407E9);
INSERT INTO t0(rowid) VALUES (DATE '1969-12-12'), (0.9639878038135791);
INSERT INTO t0(c0) VALUES ('-166064617');
INSERT INTO t1(c1) VALUES (TIMESTAMP '1969-12-17 19:13:57');
INSERT INTO t0(c0, rowid) VALUES (true, DEFAULT), ('-1030876432', TIMESTAMP '1970-01-18 09:44:27');
INSERT INTO t0(rowid) VALUES (DEFAULT);
INSERT INTO t0(rowid) VALUES (TIMESTAMP '1970-01-05 19:55:01'), (DEFAULT);
INSERT INTO t0(c0) VALUES (641704434);
INSERT INTO t0(c0, rowid) VALUES (true, DEFAULT), (-225621363, 96929712);
INSERT INTO t1(c0, c1) VALUES (DEFAULT, -1253138489);
INSERT INTO t1(c1, c0) VALUES (0.11096334748131653, 'h0ps');
INSERT INTO t0(rowid) VALUES (DATE '1969-12-17');
INSERT INTO t0(c0) VALUES (0.3510034491624464);
INSERT INTO t1(c1) VALUES ('pt96Ar');
INSERT INTO t1(c0) VALUES (DEFAULT);
INSERT INTO t0(c0, rowid) VALUES (TIMESTAMP '1970-01-07 05:49:31', 1541636556), ('', -499523174);
INSERT INTO t1(c1) VALUES (0.34553652554555603);
INSERT INTO t0(c0) VALUES (true), (TIMESTAMP '1969-12-15 23:13:15');
INSERT INTO t0(rowid) VALUES (0.8172149000060636), (DATE '1969-12-08');
INSERT INTO t0(c0) VALUES (DATE '1969-12-13'), (0.7574932822434544);
INSERT INTO t0(c0) VALUES (true), (DATE '1969-12-19');
INSERT INTO t1(c0, c1) VALUES (DATE '1969-12-10', ' F');
INSERT INTO t0(c0, rowid) VALUES ('', DATE '1970-01-22');
INSERT INTO t0(rowid) VALUES (-1261315161);
INSERT INTO t0(rowid, c0) VALUES (TIMESTAMP '1970-01-25 12:32:30', DEFAULT);
INSERT INTO t1(c1) VALUES ('y%a<p깙'), (TIMESTAMP '1970-01-22 07:42:29');
INSERT INTO t1(c0, c1) VALUES (false, false);
INSERT INTO t1(c1, c0) VALUES (DATE '1969-12-22', 2026714960);
INSERT INTO t1(c1, c0) VALUES (DEFAULT, 0.8519376846758014);
INSERT INTO t0(rowid, c0) VALUES ('', DATE '1969-12-10'), (-511209365, ''), (886135952, 'ow');
INSERT INTO t0(c0) VALUES ('0.22174854977860836');
INSERT INTO t0(c0, rowid) VALUES (TIMESTAMP '1970-01-20 22:35:21', true), (true, '0.505474406270188');
INSERT INTO t0(c0, rowid) VALUES (false, DATE '1970-01-25');
INSERT INTO t1(c0, c1) VALUES (DATE '1970-01-11', TIMESTAMP '1970-01-01 08:21:37');
INSERT INTO t0(rowid, c0) VALUES (DATE '1969-12-22', DEFAULT), (0.7316792134531349, -1.261315161E9), (DATE '1970-01-21', -2082773281);
INSERT INTO t1(c0, c1) VALUES ('~Vdz', 0.1540466699766898), (true, 0.8959383088566604), (TIMESTAMP '1969-12-19 12:03:07', TIMESTAMP '1970-01-04 22:30:46');
INSERT INTO t0(rowid, c0) VALUES (1661589629, DATE '1969-12-21'), ('~Wq[', false);
INSERT INTO t1(c1) VALUES ('180583448');
INSERT INTO t0(c0, rowid) VALUES (TIMESTAMP '1970-01-23 16:06:56', false), (false, false);
INSERT INTO t1(c0) VALUES (0.9600560105962683), (TIMESTAMP '1969-12-08 07:05:00');
INSERT INTO t1(c0) VALUES (0.9465365949539186);
INSERT INTO t1(c0, c1) VALUES (1727138083, -1.887214944E9);
INSERT INTO t0(rowid, c0) VALUES (TIMESTAMP '1970-01-04 22:30:46', ' 6┫Ih');
INSERT INTO t1(c0, c1) VALUES (0.8829333033684774, -5.94687739E8);
INSERT INTO t1(c1, c0) VALUES ('&c}', '1513319591');
INSERT INTO t1(c1) VALUES (false), (DEFAULT);
INSERT INTO t1(c0, c1) VALUES (DATE '1969-12-22', DEFAULT);
INSERT INTO t0(c0, rowid) VALUES (1598918110, DEFAULT);
INSERT INTO t0(c0) VALUES (false), ('Y*');
INSERT INTO t0(rowid) VALUES ('-779967882');
INSERT INTO t1(c0) VALUES (DATE '1969-12-13');
INSERT INTO t0(rowid, c0) VALUES (TIMESTAMP '1970-01-17 05:38:52', 0.16293175984835684);
INSERT INTO t1(c1) VALUES (false), (NULL), (0.7579527990480082);
INSERT INTO t0(rowid) VALUES (DATE '1969-12-27');
INSERT INTO t1(c0, c1) VALUES (0.7300181442949916, DEFAULT);
INSERT INTO t1(c0, c1) VALUES (-1640305472, DATE '1970-01-05');
INSERT INTO t1(c0, c1) VALUES (TIMESTAMP '1970-01-11 19:12:38', DEFAULT);
INSERT INTO t0(c0, rowid) VALUES (0.10377357734573944, -0.0);
INSERT INTO t0(rowid, c0) VALUES (TIMESTAMP '1970-01-04 18:54:36', DEFAULT);
INSERT INTO t0(c0, rowid) VALUES (DATE '1969-12-09', -1964322864);
INSERT INTO t1(c1, c0) VALUES (TIMESTAMP '1970-01-07 15:22:53', -1.76960804E9);
INSERT INTO t0(rowid) VALUES (true), (DEFAULT);
INSERT INTO t1(c0) VALUES (901216463);
INSERT INTO t0(rowid) VALUES (348704895);
INSERT INTO t1(c0) VALUES (TIMESTAMP '1970-01-13 06:07:22');
INSERT INTO t0(c0) VALUES (false);
INSERT INTO t1(c1, c0) VALUES (-511418698, TIMESTAMP '1969-12-29 10:10:29');
INSERT INTO t0(rowid, c0) VALUES (TIMESTAMP '1970-01-10 07:44:00', '-1900699451');
INSERT INTO t1(c1, c0) VALUES (DATE '1969-12-15', ']?48u_,#\n');
INSERT INTO t1(c0) VALUES (-1.366279574E9), (DEFAULT), ('en*');
INSERT INTO t1(c1, c0) VALUES ('9CE铣', DATE '1969-12-10');
INSERT INTO t0(rowid, c0) VALUES (0.2658519658971217, true), (DEFAULT, 'T8T^Ds'), (DEFAULT, -1.679772639E9);
INSERT INTO t1(c0, c1) VALUES (NULL, 1786434123);
INSERT INTO t1(c1) VALUES (DEFAULT);
INSERT INTO t0(c0) VALUES (DATE '1969-12-14');
INSERT INTO t1(c1) VALUES (NULL);
INSERT INTO t0(rowid) VALUES (0.7777409210976219);
INSERT INTO t0(rowid, c0) VALUES (1471769582, 0.9173007144167872), (TIMESTAMP '1970-01-11 18:54:28', 'I콷s'), (false, TIMESTAMP '1969-12-15 03:52:06');
INSERT INTO t0(c0) VALUES ('');
INSERT INTO t1(c1, c0) VALUES (DATE '1969-12-20', 0.21591037786910616);
CREATE VIEW v0(c0) AS SELECT t1.c0 FROM t1 WHERE true GROUP BY -7.83704487E8, t1.c0, t1.c1 ORDER BY t1.c1 ASC OFFSET 314730962;
EXPLAIN SELECT v0.rowid FROM v0 GROUP BY ((+ v0.c0) NOT BETWEEN (((CASE v0.c0 WHEN '-1144448582' THEN true WHEN true THEN 697723511 WHEN v0.c0 THEN false ELSE v0.rowid END )) COLLATE C) AND ((DATE '1970-01-09') COLLATE C)) HAVING TIMESTAMP '1970-01-08 15:16:01' ORDER BY ((((v0.c0)=(0.06207153152938771))) IS NULL);
EXPLAIN SELECT ((((t1.c1) COLLATE NOCASE)) IS NOT NULL) FROM v0, t0, t1 WHERE ((TIMESTAMP '1969-12-18 03:59:39')AND(((t0.rowid) IS NULL))) HAVING FIRST(((((0.5401554195180454) COLLATE NOACCENT.NOCASE)) COLLATE POSIX)) ORDER BY DATE '1969-12-27' OFFSET 920453830;
EXPLAIN SELECT v0.rowid FROM v0, t0, t1 GROUP BY (- t1.c1), 0.04292953394763799, t0.rowid OFFSET 1600830945;
EXPLAIN SELECT t1.c1 FROM t1, t0 NATURAL LEFT JOIN v0 WHERE (t1.c1 LIKE t0.rowid ESCAPE ((((false)/(false))) ::BOOL)) HAVING VAR_POP(v0.rowid) LIMIT 826887448;
EXPLAIN SELECT ((((((0.18999460724637351) IS NULL))OR((('1710704618') COLLATE NOACCENT))))-(((INSTR((NOT (v0.rowid LIKE v0.rowid ESCAPE v0.rowid)), TIMESTAMP '1969-12-26 20:32:55'))NOT LIKE(((0.5299837466787268)-(DATE '1970-01-20')))))) FROM v0 WHERE false HAVING (((((3.00711903E8 LIKE DATE '1970-01-14' ESCAPE TIMESTAMP '1969-12-27 22:28:16'))AND(SUM(0.8891135323339253))))>=(IFNULL((((0.47612433269006793 LIKE (+ v0.rowid) ESCAPE TIMESTAMP '1970-01-15 16:47:24'))SIMILAR TO((('') ::TIMESTAMP))), false))) ORDER BY (NOT DATE '1970-01-24') LIMIT 1453630279 OFFSET 1106685458;
EXPLAIN SELECT TIMESTAMP '1970-01-15 08:25:49' FROM t0, v0, t1 WHERE (CASE 0.9216421159721212 WHEN v0.c0 THEN TIMESTAMP '292278994-08-17 15:12:55' ELSE v0.rowid END ) HAVING ((TIMESTAMP '1969-12-16 20:22:40')AND('+&)EQWv2c')) ORDER BY (((((-1900699451 LIKE true ESCAPE false)) COLLATE C)) COLLATE C) DESC LIMIT 466521511 OFFSET 1659640304;
EXPLAIN SELECT (DATE '1970-01-13' LIKE ((t0.rowid)>>(t0.c0)) ESCAPE t0.c0) FROM t0, t1 GROUP BY 759340609, t1.c1, TIMESTAMP '1969-12-27 00:52:25' ORDER BY ((NOT t0.rowid) NOT BETWEEN (((t1.c0 BETWEEN DATE '1969-12-26' AND 0.831837079008063))AND(((t1.c0)>>(false)))) AND (- WEEKOFYEAR(t0.c0))), ((- 0.3300710964509378) NOT BETWEEN t1.c1 AND 0.6987637108628743) DESC, ((((NOT 0.801484613147527)) IS NOT NULL) NOT IN ((((false) IS NULL) BETWEEN t1.c0 AND -1951463338), t0.c0, ((t0.c0)/(DATE '1970-01-21')))) OFFSET 1415227393;
EXPLAIN SELECT (TIMESTAMP '1969-12-25 10:48:32' NOT IN ((- ((t1.c1) IS NULL)), DATE '1970-01-01', t1.c0)), (((CASE '0.7199212442910908' WHEN t1.c0 THEN (CASE -2111532038 WHEN t1.c0 THEN TIMESTAMP '1969-12-15 03:52:06' WHEN 0.9285109028896437 THEN '' WHEN t1.c1 THEN '0.944393091573131' ELSE t1.c0 END ) ELSE (t1.c0 LIKE TIMESTAMP '1969-12-18 06:03:56' ESCAPE -1.832896787E9) END ))<<((((t1.c1) ::VARCHAR) BETWEEN (t1.c1 BETWEEN t1.c1 AND t1.c0) AND ((6.60649763E8) ::DATE)))), (NOT 311446149) FROM t1 HAVING t1.c0 ORDER BY TIMESTAMP '1970-01-12 01:30:57' LIMIT 239633717;
EXPLAIN SELECT (- ((TIMESTAMP '1970-01-22 19:45:50')!~(((v0.c0)AND(false))))), TIMESTAMP '1970-01-05 04:46:49', 0.39896331030483845 FROM t1, v0, t0 HAVING TIMESTAMP '1969-12-13 06:53:44' ORDER BY t1.c0, 0.6906357456225228 ASC, v0.rowid ASC LIMIT 1636152459 OFFSET 5181435;
EXPLAIN SELECT (((- t1.c1))AND((((CASE '䘃g.NԤVSP' WHEN true THEN v0.c0 WHEN true THEN v0.rowid WHEN v0.c0 THEN t1.c0 ELSE t0.rowid END ))*(25370418)))) FROM v0, t1, t0 WHERE t1.c1 LIMIT 1188440346;
EXPLAIN SELECT t1.c0 FROM t1 HAVING 0.77202175427329 OFFSET 1368992450;
EXPLAIN SELECT t1.c0 FROM t1 GROUP BY (((('1139033697') COLLATE POSIX))AND((CASE true WHEN t1.c1 THEN ((t1.c1)>=(586672465)) ELSE ((t1.c1)>>(t1.c0)) END ))), t1.c1, 9.01216463E8 HAVING t1.c1 ORDER BY (+ ((((DATE '1970-01-13') IS NULL)) IS NOT NULL)) LIMIT 1058940558 OFFSET 671591474;
EXPLAIN SELECT (v0.rowid BETWEEN t1.c1 AND t1.c0) FROM v0, t1 WHERE ((t1.c0) COLLATE NOCASE) GROUP BY (NOT CEILING(((TAN(LN(((CASE ((v0.c0)AND(t1.c1)) WHEN t1.c0 THEN ((v0.rowid) ::BOOL) WHEN ((DATE '1970-01-24') ::TIMESTAMP) THEN ((1189741022)AND(t1.c1)) WHEN ((v0.c0) IS NOT NULL) THEN t1.c1 ELSE 184213191 END ) NOT BETWEEN ((v0.rowid) ::TIMESTAMP) AND t1.c1)))) IS NOT NULL)));
EXPLAIN SELECT '0.6823500308546074' FROM t0, v0 WHERE (((((0.5070308776835013 LIKE false ESCAPE t0.c0)) ::DATE)) COLLATE POSIX) GROUP BY v0.rowid, 0.037206103496383314, '884407614' ORDER BY ((true) ::VARCHAR) LIMIT 752491511;
EXPLAIN SELECT '' FROM t0 WHERE ((t0.c0) IS NULL) HAVING FIRST(((0.9238056623076784) COLLATE NOCASE)) LIMIT 1540291532;
EXPLAIN SELECT (('4fT') COLLATE NOACCENT.NOCASE) FROM v0, t0, t1 WHERE v0.rowid HAVING false ORDER BY (t1.c1 NOT IN (t0.rowid)) ASC, UNICODE(('2010407807' BETWEEN ((((v0.c0) COLLATE C))LIKE(v0.c0)) AND ((((false)<(false))) COLLATE POSIX))) ASC, t0.rowid LIMIT 1176341638 OFFSET 84335167;
EXPLAIN SELECT (((((1181475770 NOT BETWEEN DATE '1969-12-20' AND t1.c0)) ::TIMESTAMP))+(DATE '1970-01-06')) FROM t1, v0 HAVING t1.c0 ORDER BY t1.c0 ASC, ((0.20050794996083499) COLLATE POSIX), t1.c0 DESC, TIMESTAMP '1969-12-26 16:17:41', (CASE TIMESTAMP '1969-12-15 07:00:57' WHEN t1.c1 THEN -500869388 ELSE (v0.c0 LIKE (v0.c0 IN (DATE '1969-12-20', '', 0.5206634249149669, DATE '1970-01-05', v0.c0)) ESCAPE (TIMESTAMP '1970-01-01 00:10:15' NOT BETWEEN v0.c0 AND DATE '1969-12-08')) END ) OFFSET 580862730;
EXPLAIN SELECT ((v0.rowid NOT IN (DATE '1969-12-14')) BETWEEN (((false)AND(true)) IN (v0.c0, 345458247, (v0.rowid LIKE 2012512682 ESCAPE v0.rowid))) AND (CASE t0.c0 WHEN t0.rowid THEN ('-73118035' IN (v0.rowid)) ELSE TIMESTAMP '1970-01-14 08:07:55' END )) FROM v0, t0 GROUP BY (- (CASE DATE '1969-12-11' WHEN ((NULL) ::DOUBLE) THEN 0.4585136220777054 ELSE t0.rowid END )) HAVING ((VAR_POP(0.9858936753425256))|(false)) ORDER BY (((t0.c0) IS NOT NULL) IN (((t0.c0)OR(DATE '1970-01-02')), ((t0.c0) ::BOOLEAN), ((t0.rowid)OR(v0.rowid)))) ASC;
EXPLAIN SELECT ((((((t0.c0)AND(TIMESTAMP '1970-01-20 16:00:49'))) COLLATE NOCASE))|(v0.rowid)) FROM v0, t0, t1 HAVING STDDEV_POP((((('zk&h?D	R') ::DATE)) COLLATE C)) OFFSET 254234900;
EXPLAIN SELECT ((TIMESTAMP '1969-12-29 15:38:28' NOT IN ((TIMESTAMP '1969-12-10 17:04:54' LIKE '>Zi|td' ESCAPE -1374395782))) IN ((true BETWEEN (('')AND('')) AND (CASE 1089731197 WHEN t1.c1 THEN DATE '1969-12-20' ELSE DATE '1969-12-22' END )), t1.c0, (((CASE '' WHEN v0.c0 THEN t1.c0 WHEN v0.c0 THEN 0.7670808345449625 WHEN 1443753742 THEN TIMESTAMP '1970-01-23 17:39:05' ELSE v0.rowid END ))!~(t0.rowid)))) FROM t0, v0, t1 HAVING ((-1261315161) COLLATE NOACCENT.NOCASE) LIMIT 1735037475 OFFSET 1200509164;
EXPLAIN SELECT (t1.c0 NOT BETWEEN t0.rowid AND DATE '1970-01-18') FROM t1, t0, v0 LIMIT 998471849;
INSERT INTO t0(c0, rowid) VALUES (-1513939048, false);
INSERT INTO t1(c1, c0) VALUES (-1472342891, true);
INSERT INTO t1(c0) VALUES (DATE '1969-12-10');
INSERT INTO t0(rowid) VALUES (DEFAULT), (TIMESTAMP '1969-12-31 03:31:28');
INSERT INTO t0(rowid, c0) VALUES (DATE '1969-12-12', '>'), (true, '4d');
INSERT INTO t0(c0, rowid) VALUES (TIMESTAMP '1969-12-16 12:28:40', 927503107), (-1084090891, -478012968), (DATE '1970-01-19', DEFAULT);
INSERT INTO t1(c1, c0) VALUES ('~᧺klr', 0.8839017671666213);
INSERT INTO t1(c0, c1) VALUES (true, true);
INSERT INTO t0(rowid) VALUES (DATE '1969-12-27');
INSERT INTO t0(rowid, c0) VALUES (TIMESTAMP '1969-12-28 02:29:46', false);
INSERT INTO t0(rowid) VALUES (DATE '1970-01-08');
INSERT INTO t1(c0, c1) VALUES (0.5570757277532644, TIMESTAMP '1969-12-17 11:06:30');
INSERT INTO t0(rowid) VALUES (DATE '1969-12-20'), ('\_');
INSERT INTO t0(rowid) VALUES (0.027984542660758893);
INSERT INTO t1(c1) VALUES (DATE '1970-01-20'), (0.6961151944448367);
INSERT INTO t1(c0) VALUES (DEFAULT);
INSERT INTO t1(c1) VALUES (true);
INSERT INTO t1(c0) VALUES (DATE '1970-01-15');
INSERT INTO t0(c0, rowid) VALUES (TIMESTAMP '1969-12-08 00:10:56', true);
INSERT INTO t1(c1) VALUES (',xo');
INSERT INTO t1(c1) VALUES (TIMESTAMP '1969-12-14 23:24:29');
INSERT INTO t0(c0, rowid) VALUES ('nX', TIMESTAMP '1970-01-25 15:34:30'), (-277630979, DEFAULT), ('꼔rt *\n', false);
INSERT INTO t0(rowid, c0) VALUES (-573288818, 'CB#-/^');
INSERT INTO t0(rowid) VALUES ('G3Owk록Mg'), (DEFAULT), ('');
INSERT INTO t0(rowid) VALUES (1221855624);
INSERT INTO t1(c0) VALUES ('d	2Y');
INSERT INTO t0(rowid) VALUES (DATE '1969-12-28');
INSERT INTO t1(c1) VALUES (DEFAULT), (-1.366279574E9), (true);
INSERT INTO t1(c0) VALUES (TIMESTAMP '1969-12-13 18:43:56');
INSERT INTO t0(c0) VALUES (DATE '1970-01-12');
INSERT INTO t1(c0, c1) VALUES (DATE '1970-01-07', false);
INSERT INTO t0(rowid, c0) VALUES (TIMESTAMP '1969-12-29 02:46:36', DATE '1970-01-15');
INSERT INTO t1(c1) VALUES (false);
INSERT INTO t1(c0) VALUES (DEFAULT);
INSERT INTO t0(rowid, c0) VALUES (TIMESTAMP '1970-01-25 12:32:30', '448812249');
INSERT INTO t0(c0, rowid) VALUES (DEFAULT, DEFAULT);
INSERT INTO t1(c1) VALUES (0.7951236256689866);
INSERT INTO t1(c0) VALUES (TIMESTAMP '1970-01-20 14:42:58'), (0.46207082492105767), (DEFAULT);
INSERT INTO t1(c1, c0) VALUES (0.2592028198246358, DATE '1970-01-08');
INSERT INTO t0(rowid) VALUES (DATE '1969-12-14');
INSERT INTO t1(c0, c1) VALUES (TIMESTAMP '1969-12-20 12:39:00', DATE '1970-01-11'), (DATE '1970-01-11', TIMESTAMP '1969-12-27 21:09:08');
INSERT INTO t1(c1) VALUES ('0.5358652872846332'), (true);
INSERT INTO t1(c0) VALUES (0.4859641009140504);
INSERT INTO t0(c0) VALUES (-993253078), (-681144688);
INSERT INTO t0(rowid) VALUES (' {no\[n7a');
INSERT INTO t1(c1, c0) VALUES ('', true);
INSERT INTO t0(rowid, c0) VALUES (TIMESTAMP '1970-01-20 03:45:55', DATE '1969-12-15');
INSERT INTO t0(c0) VALUES (1900502071);
INSERT INTO t0(c0, rowid) VALUES ('mac3U	yo', 0.9596072199621699);
INSERT INTO t1(c0, c1) VALUES (0.06524702871201427, TIMESTAMP '1969-12-19 11:40:54');
VACUUM;
CREATE INDEX i4 ON t0(c0 );
INSERT INTO t0(rowid, c0) VALUES (DATE '1969-12-29', TIMESTAMP '1970-01-16 00:03:51'), (-1848853390, -232308141), (DATE '1970-01-11', 0.16124090004273417);
INSERT INTO t1(c0) VALUES (false);
INSERT INTO t0(c0, rowid) VALUES (-547052239, 0.6606253190828106);
INSERT INTO t0(rowid, c0) VALUES (false, TIMESTAMP '1970-01-21 02:20:45'), (false, DATE '1970-01-09');
INSERT INTO t1(c0, c1) VALUES (TIMESTAMP '1970-01-23 00:15:37', true);
INSERT INTO t1(c1) VALUES (DEFAULT), (TIMESTAMP '1970-01-17 09:36:58'), (DATE '1969-12-19');
INSERT INTO t1(c1, c0) VALUES (TIMESTAMP '1970-01-01 03:25:16', DATE '1970-01-11');
INSERT INTO t1(c0, c1) VALUES (true, DATE '1969-12-29');
INSERT INTO t1(c1, c0) VALUES ('', '+q'), (TIMESTAMP '1969-12-11 20:26:31', DATE '1969-12-26');
INSERT INTO t1(c0) VALUES (-474845936);
INSERT INTO t0(c0, rowid) VALUES ('P', 'VdQ');
INSERT INTO t1(c0) VALUES ('fkM');
INSERT INTO t0(c0) VALUES (-1404553622);
INSERT INTO t0(c0, rowid) VALUES (0.8098822432992245, false);
INSERT INTO t1(c0, c1) VALUES (true, -312189313), (DATE '1970-01-13', false), (0.5358652872846332, TIMESTAMP '1969-12-24 22:19:39');
INSERT INTO t0(rowid) VALUES (DEFAULT);
INSERT INTO t0(c0, rowid) VALUES (DATE '1970-01-04', -1390012791);
INSERT INTO t0(c0, rowid) VALUES (0.8620278797059289, 0.03415465459446321);
INSERT INTO t0(rowid, c0) VALUES (true, TIMESTAMP '1970-01-15 19:03:46');
INSERT INTO t1(c0, c1) VALUES (DATE '1969-12-28', DATE '1969-12-10');
INSERT INTO t1(c0, c1) VALUES (true, '');
INSERT INTO t0(rowid) VALUES (DEFAULT);
INSERT INTO t1(c1) VALUES (-1.261315161E9);
INSERT INTO t0(rowid) VALUES (true);
INSERT INTO t0(rowid) VALUES (-1127066451);
INSERT INTO t1(c0, c1) VALUES (DEFAULT, 0.9344298035261189), (0.48608522729578363, DATE '1970-01-11');
INSERT INTO t0(c0, rowid) VALUES (DEFAULT, false), (true, DATE '1970-01-04'), ('/&', true);
INSERT INTO t1(c1) VALUES ('1671503266');
INSERT INTO t1(c1, c0) VALUES (DATE '1970-01-11', 0.3034156804010262), (DATE '1970-01-20', DEFAULT), (DEFAULT, DATE '1970-01-25');
INSERT INTO t0(c0, rowid) VALUES (DATE '1969-12-20', '');
INSERT INTO t1(c0) VALUES (-1913539688);
INSERT INTO t1(c0) VALUES (TIMESTAMP '1969-12-16 15:55:27');
INSERT INTO t1(c1) VALUES (-1242914850);
INSERT INTO t0(c0, rowid) VALUES (DATE '1970-01-02', TIMESTAMP '1970-01-02 15:24:34');
INSERT INTO t1(c0, c1) VALUES (1.122115123E9, NULL);
INSERT INTO t0(rowid, c0) VALUES ('!', DATE '1969-12-14');
INSERT INTO t0(c0) VALUES (-1414004970), (true), (0.8860417812710873);
INSERT INTO t0(c0, rowid) VALUES (DEFAULT, 0.5332292985773613), (1268869825, DATE '1970-01-21');
INSERT INTO t0(rowid) VALUES (DATE '1970-01-20');
INSERT INTO t1(c1) VALUES (-3.12189313E8), (TIMESTAMP '1969-12-14 10:42:09'), (-957202379);
INSERT INTO t0(c0, rowid) VALUES ('_gE', DATE '1970-01-04'), (TIMESTAMP '1970-01-10 19:56:04', TIMESTAMP '1970-01-07 11:22:19');
INSERT INTO t0(c0) VALUES (-1035675812);
INSERT INTO t1(c0, c1) VALUES (TIMESTAMP '1970-01-10 03:09:49', DATE '1970-01-15');
INSERT INTO t0(rowid) VALUES (1241244476);
INSERT INTO t0(rowid) VALUES (false);
INSERT INTO t1(c1, c0) VALUES (DATE '1969-12-09', TIMESTAMP '1970-01-15 02:29:01');
INSERT INTO t0(rowid, c0) VALUES ('TRUE', 1249426910);
INSERT INTO t0(c0, rowid) VALUES ('-154114675', DATE '1969-12-09');
INSERT INTO t0(rowid, c0) VALUES (TIMESTAMP '1970-01-20 16:00:49', 1189741022), ('0.509249515220188', 'F~I+	1/QA');
INSERT INTO t1(c1, c0) VALUES ('1139033697', '-1124878243');
INSERT INTO t1(c0) VALUES ('');
INSERT INTO t1(c1) VALUES (825171902);
INSERT INTO t1(c1) VALUES (false);
INSERT INTO t0(c0) VALUES (true);
INSERT INTO t0(rowid) VALUES (TIMESTAMP '1970-01-22 02:21:50');
INSERT INTO t1(c1) VALUES ('');
INSERT INTO t0(rowid, c0) VALUES (DEFAULT, 0.8142297613648796), (false, 0.9502339406742821);
INSERT INTO t1(c1) VALUES (0.2924369096780943);
INSERT INTO t1(c0) VALUES (TIMESTAMP '1969-12-24 01:33:24');
INSERT INTO t0(rowid) VALUES (0.5973565336055803);
INSERT INTO t1(c0) VALUES ('-1261721919'), (899821361), (false);
INSERT INTO t1(c0) VALUES (DEFAULT), (0.7132580239312798);
INSERT INTO t1(c1, c0) VALUES (1067407078, false), (true, TIMESTAMP '1970-01-21 08:55:31');
INSERT INTO t0(rowid, c0) VALUES (TIMESTAMP '1970-01-16 18:54:45', false);
INSERT INTO t1(c0, c1) VALUES (DATE '1970-01-02', DATE '1969-12-29'), (DEFAULT, DATE '1969-12-25'), (DATE '1969-12-19', '');
INSERT INTO t1(c1, c0) VALUES (-1.41400497E9, 0.8015888974869789), (true, TIMESTAMP '1969-12-12 21:23:47'), (-1645575996, DATE '1970-01-13'), (1006823744, DEFAULT);
INSERT INTO t1(c0) VALUES (TIMESTAMP '1970-01-01 04:12:28');
INSERT INTO t1(c0, c1) VALUES ('-496331484', true);
INSERT INTO t1(c1) VALUES (185341773), (DATE '1969-12-20');
INSERT INTO t1(c0, c1) VALUES (-1980043454, -1.030876432E9);
INSERT INTO t0(rowid, c0) VALUES (DEFAULT, DEFAULT), ('-1645575996', false);
INSERT INTO t0(rowid) VALUES (DEFAULT), ('퉋[');
INSERT INTO t1(c1) VALUES (0.557817587111598);
INSERT INTO t1(c1, c0) VALUES (true, 639858594);
INSERT INTO t1(c1) VALUES (1935736385), ('');
INSERT INTO t1(c1) VALUES (TIMESTAMP '1969-12-22 03:32:54'), (495427293);
INSERT INTO t1(c0) VALUES (1.513319591E9);
INSERT INTO t0(rowid, c0) VALUES (DATE '1970-01-10', 'sᶢo腵蘸z'), ('F翟FEHHE', TIMESTAMP '1970-01-15 16:47:24');
INSERT INTO t1(c0, c1) VALUES (TIMESTAMP '1970-01-21 10:08:37', TIMESTAMP '1970-01-25 01:08:57'), (1221855624, TIMESTAMP '1970-01-13 18:21:16'), (0.7121612587764977, false);
INSERT INTO t0(c0, rowid) VALUES ('wVs|烈(<)Qyk', 1933804768);
INSERT INTO t0(rowid) VALUES (0.08721947974511002), ('-560476297');
INSERT INTO t1(c0) VALUES (TIMESTAMP '1969-12-31 11:41:21');
INSERT INTO t0(rowid) VALUES (DEFAULT);
INSERT INTO t0(c0) VALUES ('%ﾹ');
INSERT INTO t1(c0) VALUES (0.6119862336501142);
INSERT INTO t0(rowid, c0) VALUES (TIMESTAMP '1970-01-12 23:32:06', 0.9216421159721212), ('31h9', DATE '1970-01-12');
INSERT INTO t0(c0, rowid) VALUES (DEFAULT, false), ('', -673514406), (TIMESTAMP '1970-01-11 06:35:25', TIMESTAMP '1970-01-06 04:53:12');
INSERT INTO t0(c0) VALUES (3.34009571E8);
INSERT INTO t1(c1) VALUES (TIMESTAMP '1970-01-01 09:48:02');
INSERT INTO t1(c0, c1) VALUES (DEFAULT, TIMESTAMP '1970-01-24 08:32:47'), (true, 0.5062629956615482);
INSERT INTO t0(c0) VALUES (false), (DATE '1970-01-18'), ('');
INSERT INTO t0(c0, rowid) VALUES (false, 'y 1lvm#쯏');
INSERT INTO t1(c0) VALUES (TIMESTAMP '1969-12-30 00:40:50'), (DATE '1969-12-17');
INSERT INTO t0(c0) VALUES ('');
INSERT INTO t1(c1) VALUES (DATE '1970-01-03'), (false);
INSERT INTO t0(rowid) VALUES (0.05474994435738367), (''), (DATE '1970-01-08');
INSERT INTO t1(c1, c0) VALUES (2010407807, DATE '1970-01-13');
INSERT INTO t0(rowid) VALUES ('');
INSERT INTO t1(c1, c0) VALUES (false, 0.5918853760163563);
INSERT INTO t1(c0) VALUES (false);
INSERT INTO t0(c0) VALUES ('L	');
INSERT INTO t1(c0) VALUES (DEFAULT);
INSERT INTO t0(c0) VALUES (true);
INSERT INTO t1(c1, c0) VALUES ('', '0.08616337385016304');
INSERT INTO t0(rowid) VALUES (false), (0.053519071781030325), ('');
INSERT INTO t1(c0) VALUES (DATE '1969-12-17');
INSERT INTO t1(c1) VALUES (DATE '1970-01-19'), (DEFAULT);
INSERT INTO t1(c1, c0) VALUES (DATE '1969-12-10', DEFAULT);
INSERT INTO t1(c0, c1) VALUES (DATE '1970-01-15', -551229843), (0.505474406270188, 0.40198633510463466);
INSERT INTO t1(c0, c1) VALUES (TIMESTAMP '1970-01-20 03:16:41', 1786434123);
INSERT INTO t0(rowid, c0) VALUES (TIMESTAMP '1970-01-11 10:24:27', TIMESTAMP '1969-12-31 15:17:20'), (DEFAULT, true);
INSERT INTO t1(c1, c0) VALUES (DATE '1970-01-10', DATE '1969-12-15');
INSERT INTO t0(c0, rowid) VALUES (TIMESTAMP '1969-12-27 00:52:25', ''), (true, '2089950161'), (DATE '1969-12-16', 2010407807);
INSERT INTO t1(c1) VALUES (false), ('');
INSERT INTO t1(c1) VALUES (true);
INSERT INTO t1(c0) VALUES (true), (TIMESTAMP '1969-12-20 15:18:29');
INSERT INTO t0(c0, rowid) VALUES (1884116850, 0.37467000798733285);
INSERT INTO t1(c1, c0) VALUES ('0.0', DATE '1970-01-20'), (1707645293, '樮)');
INSERT INTO t1(c1) VALUES ('0.29969096425956154');
INSERT INTO t1(c0) VALUES ('Ag/D왊.');
INSERT INTO t0(rowid) VALUES (TIMESTAMP '1970-01-22 02:21:50'), (0.16376674391599877), (TIMESTAMP '1970-01-24 13:17:58');
INSERT INTO t0(rowid, c0) VALUES (0.6865594522245847, DATE '1969-12-27'), (DATE '1970-01-18', -1823271636);
INSERT INTO t1(c0) VALUES (DEFAULT);
INSERT INTO t0(rowid) VALUES (''), ('X]봕');
INSERT INTO t1(c0, c1) VALUES (DEFAULT, DATE '1969-12-16');
INSERT INTO t0(rowid, c0) VALUES (3.00711903E8, ''), (11470989, TIMESTAMP '1969-12-16 07:59:05');
INSERT INTO t1(c0, c1) VALUES (DEFAULT, TIMESTAMP '1969-12-13 03:59:38');
INSERT INTO t1(c0) VALUES (TIMESTAMP '1970-01-01 08:21:37');
INSERT INTO t1(c1, c0) VALUES (-1738327960, DATE '1970-01-23'), (DEFAULT, TIMESTAMP '1969-12-29 15:03:04');
INSERT INTO t1(c1) VALUES ('xCZ FSt'), (DATE '1969-12-11');
INSERT INTO t0(rowid) VALUES (true), (TIMESTAMP '1969-12-30 16:28:58');
INSERT INTO t0(rowid) VALUES (0.3464075766876986);
INSERT INTO t0(rowid, c0) VALUES (DATE '1970-01-14', true);
INSERT INTO t0(rowid, c0) VALUES (-610052941, '');
INSERT INTO t1(c1) VALUES (true);
INSERT INTO t0(c0, rowid) VALUES ('', true);
INSERT INTO t1(c0) VALUES (DATE '1969-12-23'), (0.5969855433443738), (TIMESTAMP '1970-01-04 21:16:24');
INSERT INTO t0(rowid, c0) VALUES (0.8953713962770146, 1.139033697E9), (1297750.0, DEFAULT), (0.07914813326715575, 0.5932816541959753);
INSERT INTO t0(rowid) VALUES (0.7444153729005518);
INSERT INTO t0(rowid, c0) VALUES (DATE '1969-12-28', TIMESTAMP '1970-01-24 23:25:03');
INSERT INTO t0(c0) VALUES ('1V&'), (false);
INSERT INTO t0(c0) VALUES (DATE '1969-12-23');
INSERT INTO t1(c1) VALUES (false);
INSERT INTO t1(c1) VALUES (0.4078156149736567);
INSERT INTO t0(rowid, c0) VALUES (1051809872, TIMESTAMP '1969-12-25 22:15:16');
INSERT INTO t0(c0) VALUES (true), (-1103846824), (true);
INSERT INTO t1(c0, c1) VALUES (-2118127712, true), (true, 0.14184973301529868);
INSERT INTO t0(rowid, c0) VALUES (0.42306444676553057, ''), (DEFAULT, DEFAULT);
INSERT INTO t0(c0, rowid) VALUES (0.29429572253097325, DATE '1970-01-25');
INSERT INTO t0(c0) VALUES (NULL);
INSERT INTO t0(rowid, c0) VALUES (DEFAULT, -121922448);
INSERT INTO t1(c0, c1) VALUES (false, TIMESTAMP '1970-01-24 01:40:01');
INSERT INTO t1(c1) VALUES (DEFAULT);
INSERT INTO t0(rowid, c0) VALUES (1647375393, '0.15327436814750905');
INSERT INTO t1(c1) VALUES (true);
INSERT INTO t0(rowid) VALUES (DEFAULT);
INSERT INTO t1(c1, c0) VALUES (-1216563322, 0.87317521727285), (0.5963974888749474, true);
INSERT INTO t0(c0, rowid) VALUES (TIMESTAMP '1970-01-18 13:31:42', DEFAULT);
INSERT INTO t0(c0, rowid) VALUES (-311006630, '0.6987637108628743');
INSERT INTO t0(c0) VALUES (195889916), (0.6147402782568444);
INSERT INTO t0(rowid) VALUES (true), (DEFAULT);
INSERT INTO t1(c0) VALUES (TIMESTAMP '1969-12-17 14:05:29');
INSERT INTO t1(c1) VALUES (-1443967900);
INSERT INTO t0(rowid, c0) VALUES (false, 0.9028126953925003), (DATE '1970-01-13', DATE '1970-01-03'), ('^M', -797323665);
INSERT INTO t1(c0) VALUES (-870480995), (-531374920);
INSERT INTO t1(c0) VALUES (TIMESTAMP '1969-12-25 20:18:43');
INSERT INTO t1(c1, c0) VALUES (0.25861940423895546, 'Uu'), ('', 0.9639142751055192);
INSERT INTO t0(c0, rowid) VALUES ('', -648010545);
INSERT INTO t1(c1) VALUES (-1739252632);
INSERT INTO t1(c0) VALUES (-1578322621);
INSERT INTO t0(c0) VALUES (0.07914813326715575);
INSERT INTO t0(rowid, c0) VALUES (TIMESTAMP '1969-12-09 18:51:06', 508615142);
INSERT INTO t1(c1, c0) VALUES ('Q},#~tz', 0.7633943460103927);
INSERT INTO t1(c0, c1) VALUES (TIMESTAMP '1969-12-22 23:40:26', 0.11045979155839891);
INSERT INTO t0(c0, rowid) VALUES (DATE '1970-01-15', '');
INSERT INTO t1(c1, c0) VALUES (DATE '1970-01-18', DEFAULT);
INSERT INTO t1(c0) VALUES ('0.08616337385016304');
INSERT INTO t1(c1, c0) VALUES (-1, 0.02479401480661514);
INSERT INTO t1(c1) VALUES (false), (TIMESTAMP '1969-12-24 21:02:01'), (true);
INSERT INTO t0(rowid) VALUES (0.4160970446024669);
INSERT INTO t0(c0, rowid) VALUES (0.25271314444905413, DATE '1970-01-15');
INSERT INTO t0(rowid, c0) VALUES (false, DATE '1969-12-15');
INSERT INTO t0(c0, rowid) VALUES (false, -78537823);
INSERT INTO t1(c1, c0) VALUES (DATE '1970-01-09', TIMESTAMP '1970-01-14 07:41:55');
INSERT INTO t1(c0, c1) VALUES ('-783704487', -33312699), (TIMESTAMP '1970-01-25 01:25:07', -353389359);
INSERT INTO t1(c0) VALUES ('Zfl5~n[n3');
INSERT INTO t0(c0, rowid) VALUES (DEFAULT, false);
INSERT INTO t1(c1, c0) VALUES (false, 0.568887999025015);
INSERT INTO t1(c0) VALUES (DATE '1970-01-09');
INSERT INTO t1(c1, c0) VALUES ('388227681', 0.11754067191532314);
INSERT INTO t0(c0) VALUES ('-500869388');
INSERT INTO t1(c0, c1) VALUES ('', DATE '1970-01-11');
INSERT INTO t0(rowid) VALUES (DATE '1969-12-22');
INSERT INTO t0(c0) VALUES (DEFAULT), (0.9445807590898783);
INSERT INTO t1(c1) VALUES (DEFAULT);
INSERT INTO t1(c1) VALUES ('kbSW2G6d'), (TIMESTAMP '1969-12-19 07:33:10');
INSERT INTO t0(rowid, c0) VALUES (-2116703340, -266858043);
INSERT INTO t0(rowid, c0) VALUES (TIMESTAMP '1969-12-09 16:29:05', DATE '1969-12-11'), (820564421, DATE '1969-12-29');
INSERT INTO t0(c0, rowid) VALUES (DATE '1970-01-10', 0.8940651521555749);
INSERT INTO t0(rowid, c0) VALUES ('', '|되e㱝<!');
INSERT INTO t1(c1) VALUES (DATE '1970-01-20');
INSERT INTO t0(c0) VALUES (TIMESTAMP '1970-01-21 03:11:44');
INSERT INTO t0(c0) VALUES (0.37653178330429027);
INSERT INTO t1(c1) VALUES ('1707645293'), (0.5652026507475689), (-594687739);
INSERT INTO t0(c0) VALUES ('lT*>朶W');
INSERT INTO t1(c1) VALUES (0.7199212442910908);
INSERT INTO t1(c1, c0) VALUES (1800773666, -187879560), (1139033697, true), (TIMESTAMP '1970-01-19 03:31:18', DATE '1969-12-29'), (0.280508822009068, 660649763), (DATE '1970-01-18', true);
INSERT INTO t1(c1) VALUES (DEFAULT), (true);
INSERT INTO t0(c0) VALUES (TIMESTAMP '1970-01-04 22:30:46');
INSERT INTO t0(c0, rowid) VALUES ('T_-u!F', 0.19085500957908297);
INSERT INTO t0(c0, rowid) VALUES ('', 'vǞgJ7됡'), ('180583448', '-1119216718'), (true, 1.84213191E8);
INSERT INTO t0(c0) VALUES (0.2961891740370717), (-7.3118035E7);
INSERT INTO t0(c0, rowid) VALUES (DEFAULT, DATE '1970-01-11'), (DATE '1969-12-11', NULL);
INSERT INTO t0(rowid, c0) VALUES (TIMESTAMP '1970-01-04 20:37:11', 1229716982), (DATE '1969-12-08', 0.019613602357096638), (DATE '1970-01-14', '-1964322864'), (DATE '1970-01-24', DATE '1969-12-30');
INSERT INTO t1(c0, c1) VALUES (TIMESTAMP '1969-12-30 09:52:15', '');
INSERT INTO t0(rowid) VALUES (DATE '1969-12-23'), (9223372036854775807);
INSERT INTO t1(c0, c1) VALUES ('yx]4', DATE '1970-01-22'), (0.09970180653091043, false), ('', true);
INSERT INTO t0(rowid, c0) VALUES (TIMESTAMP '1969-12-18 06:03:56', ''), (-166064617, DATE '1970-01-02'), (DATE '1969-12-10', 0.20135342414615853);
INSERT INTO t0(rowid, c0) VALUES (0.21752242776207076, DEFAULT), (false, true);
INSERT INTO t1(c1) VALUES (DEFAULT);
INSERT INTO t0(c0, rowid) VALUES (0.0, '-880025287'), (false, '+8-({'), (276109639, TIMESTAMP '1969-12-20 23:35:43');
INSERT INTO t1(c0) VALUES (DATE '1970-01-15');
INSERT INTO t0(rowid, c0) VALUES (0.8047734677036201, TIMESTAMP '1969-12-17 17:38:04');
INSERT INTO t0(rowid, c0) VALUES (1159318147, DATE '1969-12-31');
INSERT INTO t1(c0, c1) VALUES (false, false);
INSERT INTO t1(c0) VALUES ('h[7');
INSERT INTO t1(c1) VALUES (DEFAULT), ('0.5133967617162988');
INSERT INTO t1(c1) VALUES (DATE '1969-12-20');
INSERT INTO t0(c0, rowid) VALUES (TIMESTAMP '1970-01-21 08:28:19', DATE '1969-12-15'), (TIMESTAMP '1969-12-21 06:56:03', -1294321296);
INSERT INTO t1(c0, c1) VALUES (TIMESTAMP '1969-12-30 10:24:35', 0.9572877283171775);
INSERT INTO t0(c0, rowid) VALUES (TIMESTAMP '1970-01-04 23:36:24', -1581640101), (true, TIMESTAMP '1970-01-19 22:45:32');
INSERT INTO t0(rowid, c0) VALUES (DATE '1970-01-09', TIMESTAMP '1969-12-14 01:10:12');
INSERT INTO t1(c0) VALUES (''), (true);
INSERT INTO t1(c1) VALUES (TIMESTAMP '1969-12-13 17:28:42');
INSERT INTO t1(c1, c0) VALUES (-2003112603, DEFAULT), (-1769608040, 1.88411685E9);
INSERT INTO t0(c0, rowid) VALUES (TIMESTAMP '1970-01-04 23:56:02', true);
INSERT INTO t1(c1, c0) VALUES (TIMESTAMP '1970-01-15 11:24:15', true);
INSERT INTO t0(rowid) VALUES (true), ('~- 21Q5^');
INSERT INTO t1(c0) VALUES ('m'), (-1349879897);
INSERT INTO t0(c0) VALUES (NULL), (0.7335820435034451);
INSERT INTO t0(c0, rowid) VALUES (false, true);
INSERT INTO t0(rowid) VALUES (-1.261315161E9);
INSERT INTO t1(c1, c0) VALUES (true, TIMESTAMP '1970-01-13 00:06:09'), (-1010822369, '');
INSERT INTO t0(rowid) VALUES (1347065102);
INSERT INTO t1(c1, c0) VALUES (DEFAULT, -288094045);
INSERT INTO t1(c1) VALUES (0.9634252651133864), (TIMESTAMP '1970-01-08 15:16:01');
INSERT INTO t0(c0, rowid) VALUES (608790271, '0.08544355051554364');
INSERT INTO t1(c0) VALUES (-1887214944);
INSERT INTO t1(c1) VALUES (true);
INSERT INTO t0(rowid, c0) VALUES (DATE '1969-12-20', 808573838), (false, true), (TIMESTAMP '1970-01-22 18:45:08', 535454571), ('', DEFAULT);
INSERT INTO t0(rowid) VALUES (DATE '1970-01-19');
INSERT INTO t0(rowid) VALUES (true);
INSERT INTO t0(rowid, c0) VALUES (224127883, 0.21713146448605392), (DATE '1969-12-31', DATE '1969-12-30'), ('!|', 0.8273813774899963);
INSERT INTO t1(c0, c1) VALUES (-762760162, -1690627834), (0.3112477451773159, 'NfhO/?\');
INSERT INTO t0(rowid) VALUES ('<9');
INSERT INTO t0(c0, rowid) VALUES (0.12399011249587322, '');
INSERT INTO t0(c0) VALUES (4.48812249E8);
INSERT INTO t0(rowid, c0) VALUES (DEFAULT, TIMESTAMP '1969-12-15 23:13:15');
INSERT INTO t0(c0, rowid) VALUES (true, TIMESTAMP '1970-01-17 23:04:44'), (true, DATE '1970-01-21'), (1950220975, DATE '1969-12-26');
INSERT INTO t1(c1, c0) VALUES (true, DEFAULT);
INSERT INTO t0(rowid) VALUES (TIMESTAMP '1969-12-24 21:58:27');
INSERT INTO t1(c0, c1) VALUES (0.25265838146774144, '0.3278660517473344');
INSERT INTO t1(c0) VALUES (DATE '1969-12-19');
INSERT INTO t1(c1) VALUES (TIMESTAMP '1969-12-09 19:31:57'), (0.7186026080730973);
INSERT INTO t1(c1, c0) VALUES (1316210510, 'dgX(');
INSERT INTO t0(c0) VALUES (TIMESTAMP '1969-12-19 02:05:51');
INSERT INTO t0(c0) VALUES (TIMESTAMP '1969-12-31 17:24:34');
INSERT INTO t0(c0, rowid) VALUES (DATE '1969-12-13', '');
INSERT INTO t1(c0) VALUES (DATE '1969-12-10');
INSERT INTO t0(c0) VALUES (DEFAULT);
INSERT INTO t1(c0) VALUES (true);
INSERT INTO t1(c1) VALUES (-1216055885);
INSERT INTO t1(c0) VALUES (-312189313);
INSERT INTO t0(rowid, c0) VALUES ('3|', DATE '1969-12-28'), (0.7813481002907395, false), (DEFAULT, TIMESTAMP '1969-12-12 20:31:24');
INSERT INTO t1(c0, c1) VALUES (')', 0.5702197043594753), (-117394769, -1472342891), ('', 0.6187465254081872);
INSERT INTO t0(c0, rowid) VALUES ('TD', true);
INSERT INTO t1(c0, c1) VALUES (DEFAULT, true);
INSERT INTO t1(c1) VALUES (0.737376084171999);
INSERT INTO t0(c0, rowid) VALUES ('', '');
INSERT INTO t0(c0, rowid) VALUES (-1.144448582E9, 1865763614);
INSERT INTO t0(c0, rowid) VALUES (DATE '1969-12-27', 0.6107904590566225), (DATE '1970-01-15', DEFAULT);
INSERT INTO t1(c0, c1) VALUES (DEFAULT, true), (DEFAULT, TIMESTAMP '1970-01-16 04:31:56'), (0.18533267927690922, 0.9198110158388945);
INSERT INTO t0(c0) VALUES (DATE '1970-01-02');
INSERT INTO t1(c0, c1) VALUES (NULL, 0);
INSERT INTO t0(rowid) VALUES (DATE '1969-12-27');
INSERT INTO t1(c0, c1) VALUES (true, 0.3953700124338716), ('7*a|*%zE', '0.602767278576822');
INSERT INTO t1(c1, c0) VALUES (DATE '1969-12-23', true);
INSERT INTO t0(c0) VALUES ('fV{['), (DATE '1969-12-09');
INSERT INTO t1(c1, c0) VALUES (-162235379, 0.2648697408968247);
INSERT INTO t0(rowid) VALUES (false), (false);
INSERT INTO t0(rowid) VALUES (0.337015224250765);
INSERT INTO t0(rowid, c0) VALUES (356410106, false);
INSERT INTO t0(c0) VALUES (-1216563322);
INSERT INTO t0(rowid) VALUES (DEFAULT), (true);
INSERT INTO t0(rowid) VALUES (true);
INSERT INTO t1(c1, c0) VALUES (TIMESTAMP '1969-12-21 09:25:38', 0.5660104487265274);
INSERT INTO t1(c0, c1) VALUES (TIMESTAMP '1969-12-21 03:05:26', TIMESTAMP '1969-12-30 09:52:15');
INSERT INTO t0(rowid) VALUES (DATE '1969-12-23');
INSERT INTO t1(c1, c0) VALUES (-1961277746, DATE '1970-01-06');
INSERT INTO t0(c0, rowid) VALUES (0.10367467347153203, true);
INSERT INTO t1(c0, c1) VALUES (TIMESTAMP '1969-12-31 19:33:42', -1.010490407E9), (true, 0.5095691851613098);
INSERT INTO t1(c0) VALUES (false), (DATE '1970-01-13'), (TIMESTAMP '1969-12-17 17:38:04'), (DATE '1970-01-06');
INSERT INTO t1(c1) VALUES (DATE '1969-12-19'), (-500869388), (-1679772639);
INSERT INTO t1(c1, c0) VALUES (0.381849215330869, false);
INSERT INTO t0(c0) VALUES (TIMESTAMP '1969-12-15 02:29:10');
INSERT INTO t1(c1, c0) VALUES (DEFAULT, TIMESTAMP '1969-12-12 21:23:47');
INSERT INTO t1(c1, c0) VALUES (2089950161, -1713711569);
INSERT INTO t0(rowid, c0) VALUES (191752952, 86919403);
INSERT INTO t0(rowid, c0) VALUES (0.6372361529018332, 'L昀䕎谹_cg+~');
INSERT INTO t0(rowid, c0) VALUES (true, true);
INSERT INTO t1(c0, c1) VALUES (false, TIMESTAMP '1970-01-01 22:00:17');
CREATE UNIQUE INDEX i2 ON t0(rowid ) WHERE ((((t0.c0) ::VARCHAR))>>((((t0.c0 BETWEEN NULL AND t0.c0)) COLLATE C)));
CREATE UNIQUE INDEX i3 ON t1(c1 ) WHERE ((((CASE t1.c1 WHEN 690257408 THEN t1.c1 WHEN t1.c0 THEN 0.12531239791137372 WHEN false THEN t1.c0 ELSE 1786434123 END ) NOT BETWEEN ((t1.c1)-(DATE '1969-12-27')) AND ((t1.c1)NOT SIMILAR TO(DATE '1970-01-17'))))*(((- t1.c0) IN (t1.c1))));
INSERT INTO t0(rowid) VALUES (0.45099381725011267);
INSERT INTO t0(rowid, c0) VALUES ('-166064617', 0.20019376455340365);
INSERT INTO t1(c1, c0) VALUES (false, DATE '1969-12-10');
INSERT INTO t0(c0, rowid) VALUES ('l', true);
INSERT INTO t1(c1) VALUES (DEFAULT), (-154114675), (-737897514);
INSERT INTO t1(c0) VALUES (true);
INSERT INTO t0(c0) VALUES (TIMESTAMP '1969-12-27 10:00:46'), (DEFAULT), (TIMESTAMP '1970-01-01 08:00:00');
INSERT INTO t0(rowid, c0) VALUES (TIMESTAMP '1970-01-15 00:55:32', 956907238);
INSERT INTO t1(c1) VALUES (false);
INSERT INTO t0(rowid) VALUES (TIMESTAMP '1970-01-16 03:14:44');
INSERT INTO t0(c0) VALUES (-78537823);
INSERT INTO t0(c0) VALUES (1687568696);
INSERT INTO t1(c0, c1) VALUES (0.5299837466787268, -8.07573706E8);
INSERT INTO t1(c1, c0) VALUES (DATE '1969-12-08', 0.10184501252167655);
CREATE UNIQUE INDEX i2 ON t1(c0 ) WHERE ((((t1.c0) IS NOT NULL)) IS NULL);
CREATE UNIQUE INDEX i2 ON t0(c0 ) WHERE (CASE t0.rowid WHEN t0.c0 THEN TIMESTAMP '1970-01-21 15:05:58' WHEN t0.c0 THEN (+ false) WHEN UPPER(t0.c0) THEN DATE '1970-01-09' ELSE TIMESTAMP '1969-12-19 09:06:23' END );
CREATE UNIQUE INDEX i4 ON t0(c0 );
CREATE UNIQUE INDEX i1 ON t0(rowid );
CREATE INDEX i2 ON t1(c0 ) WHERE ((DATE '1969-12-11') IS NOT NULL);
INSERT INTO t1(c0, c1) VALUES (TIMESTAMP '1970-01-22 02:21:50', 180583448), (DATE '1969-12-14', true);
INSERT INTO t0(rowid) VALUES (DEFAULT);
INSERT INTO t1(c0, c1) VALUES ('', 1139033697);
INSERT INTO t1(c0, c1) VALUES (DEFAULT, DEFAULT);
INSERT INTO t1(c0, c1) VALUES ('v2ᯑr]*m', ''), (-2055610513, -1433355602);
INSERT INTO t0(c0, rowid) VALUES (true, 252717540), (TIMESTAMP '1970-01-02 15:36:00', DATE '1970-01-06');
INSERT INTO t0(c0) VALUES ('緐/<*(X_E'), (DEFAULT);
INSERT INTO t0(c0, rowid) VALUES (DEFAULT, '-1769608040'), (TIMESTAMP '1970-01-21 02:20:45', true);
INSERT INTO t0(rowid, c0) VALUES (TIMESTAMP '1969-12-16 12:28:40', 0.6262561427108821);
INSERT INTO t1(c0, c1) VALUES (DATE '1969-12-22', 1.122115123E9);
INSERT INTO t0(rowid) VALUES (TIMESTAMP '1969-12-21 14:56:44'), (DATE '1969-12-29');
INSERT INTO t0(rowid, c0) VALUES ('F洠2', DEFAULT);
INSERT INTO t0(rowid) VALUES (true), (DATE '1970-01-21');
INSERT INTO t0(c0) VALUES (-166064617);
INSERT INTO t0(c0) VALUES ('h	9\tZpﰮ'), (TIMESTAMP '1970-01-22 19:50:56');
INSERT INTO t1(c1) VALUES (true);
INSERT INTO t0(c0) VALUES (DATE '1970-01-03'), (true);
INSERT INTO t1(c0, c1) VALUES (184213191, false);
INSERT INTO t0(c0) VALUES ('U뻳亭!*jox');
INSERT INTO t1(c1, c0) VALUES (TIMESTAMP '1970-01-01 00:39:27', 831094025);
INSERT INTO t0(c0, rowid) VALUES (-73118035, true);
INSERT INTO t0(rowid, c0) VALUES (0.5078512925296941, true);
INSERT INTO t1(c0, c1) VALUES (DATE '1970-01-09', TIMESTAMP '1970-01-17 21:14:16'), (-1216563322, 0.210067920735443);
INSERT INTO t0(rowid, c0) VALUES (true, -1167757525);
INSERT INTO t1(c1) VALUES (DEFAULT);
INSERT INTO t0(rowid) VALUES (DATE '1969-12-25');
INSERT INTO t1(c0, c1) VALUES (DEFAULT, DATE '1970-01-06');
INSERT INTO t1(c0) VALUES (false), ('0.6823500308546074');
INSERT INTO t0(c0, rowid) VALUES (true, DEFAULT), (DATE '1969-12-26', 'Co4e0ꨡ-#('), (1160861891, 682398953);
INSERT INTO t1(c0) VALUES (1739728810);
INSERT INTO t1(c0) VALUES (0.4913817654190661);
INSERT INTO t0(rowid) VALUES (true), ('');
INSERT INTO t0(c0) VALUES (DEFAULT), (0.9950458306966082);
INSERT INTO t1(c1, c0) VALUES (DATE '1970-01-11', 0.9305356477768729), (DATE '1969-12-17', 0.6107904590566225);
INSERT INTO t1(c1, c0) VALUES (-1202583752, DATE '1970-01-06');
INSERT INTO t1(c0, c1) VALUES (DATE '1969-12-28', false);
INSERT INTO t1(c1) VALUES (true);
INSERT INTO t0(c0) VALUES (true), (-1272283901);
INSERT INTO t1(c1) VALUES (-579357187), (NULL);
INSERT INTO t1(c1) VALUES (DATE '1969-12-12'), (1.80583448E8), (TIMESTAMP '1970-01-17 08:51:13');
INSERT INTO t1(c1) VALUES (TIMESTAMP '1969-12-22 20:54:09');
INSERT INTO t1(c1) VALUES (0.7673773762552122);
INSERT INTO t0(c0) VALUES (DATE '1969-12-31');
INSERT INTO t0(c0, rowid) VALUES (true, TIMESTAMP '1970-01-15 09:42:51'), ('', '');
INSERT INTO t1(c0) VALUES (1889160657);
INSERT INTO t0(rowid) VALUES (DATE '1969-12-09');
INSERT INTO t0(c0, rowid) VALUES ('h麯tQ)YVCc', TIMESTAMP '1969-12-17 16:41:53');
INSERT INTO t0(rowid, c0) VALUES (' 7k䰯)K', -1211045290);
INSERT INTO t0(c0, rowid) VALUES (630961467, -3.12189313E8);
INSERT INTO t1(c0) VALUES (DATE '1969-12-23');
INSERT INTO t0(c0) VALUES ('\嘅/(|LB	S'), (false), (DEFAULT);
INSERT INTO t0(rowid) VALUES (false);
INSERT INTO t1(c1) VALUES ('1235963136');
INSERT INTO t1(c0, c1) VALUES (DATE '1970-01-11', 'SbH-zqM<');
INSERT INTO t1(c1) VALUES (0.9673522823805096), (-1084638193);
INSERT INTO t1(c0, c1) VALUES (true, 1449119355);
INSERT INTO t1(c0, c1) VALUES ('184213191', DATE '1970-01-21'), (0.07301738304881389, 0.8912681822122465);
INSERT INTO t1(c0, c1) VALUES ('', DEFAULT);
INSERT INTO t1(c1, c0) VALUES (-1614735253, DEFAULT);
INSERT INTO t0(rowid) VALUES (0.9780331113558876), (TIMESTAMP '1969-12-15 22:26:14');
INSERT INTO t1(c0, c1) VALUES ('', 1.550596272E9);
INSERT INTO t0(c0, rowid) VALUES ('-560476297', '0v');
INSERT INTO t0(rowid) VALUES (false), (DEFAULT);
INSERT INTO t0(rowid, c0) VALUES (0.5830884000496567, TIMESTAMP '1969-12-22 23:40:26'), (DATE '1970-01-08', NULL), (0.10611250811470452, 'UZ*rdX');
INSERT INTO t1(c0, c1) VALUES (TIMESTAMP '1969-12-25 17:21:29', true), (TIMESTAMP '1969-12-17 17:31:18', '');
INSERT INTO t1(c0) VALUES (true);
INSERT INTO t0(c0, rowid) VALUES (DEFAULT, TIMESTAMP '1970-01-09 19:18:49');
INSERT INTO t1(c1, c0) VALUES (true, TIMESTAMP '1969-12-17 13:01:44');
INSERT INTO t1(c0) VALUES (TIMESTAMP '1970-01-14 07:41:55');
INSERT INTO t0(rowid) VALUES ('zk&h?D	R'), (false), (DEFAULT);
INSERT INTO t1(c0) VALUES (DEFAULT);
INSERT INTO t1(c0, c1) VALUES (-1887214944, -1498852195);
INSERT INTO t1(c0, c1) VALUES (TIMESTAMP '1970-01-22 11:47:34', '-880025287');
INSERT INTO t0(c0, rowid) VALUES (DEFAULT, DEFAULT);
INSERT INTO t0(rowid) VALUES (false);
INSERT INTO t1(c0, c1) VALUES (TIMESTAMP '1969-12-29 02:52:49', DATE '1969-12-16');
INSERT INTO t1(c1, c0) VALUES (0.2790118130444431, 1702104657);
INSERT INTO t0(rowid) VALUES (-560476297), (''), (false);
INSERT INTO t0(c0, rowid) VALUES ('b沧', 0.20220328552887534);
INSERT INTO t1(c0, c1) VALUES (0.9183378062773373, 'c㩪D샠-q[jA'), ('', TIMESTAMP '1970-01-01 08:00:00');
INSERT INTO t0(rowid, c0) VALUES (DEFAULT, 6.90257408E8);
INSERT INTO t1(c0, c1) VALUES (DEFAULT, false);
INSERT INTO t0(c0, rowid) VALUES ('2089950161', true);
INSERT INTO t1(c0, c1) VALUES (DEFAULT, TIMESTAMP '1970-01-16 18:04:33'), (true, true);
INSERT INTO t0(c0, rowid) VALUES (DATE '1970-01-15', true);
INSERT INTO t0(rowid) VALUES (DATE '1970-01-10');
INSERT INTO t0(c0) VALUES (DEFAULT), (false);
INSERT INTO t0(c0) VALUES (DEFAULT);
