--java.lang.AssertionError: SELECT * FROM v0, t20 NATURAL LEFT JOIN t0 WHERE (((t0.c2 LIKE t0.c0 ESCAPE ((t0.c1) IS NULL))) ::INT4) UNION ALL SELECT * FROM v0, t20 NATURAL LEFT JOIN t0 WHERE (NOT (((t0.c2 LIKE t0.c0 ESCAPE ((t0.c1) IS NULL))) ::INT)) UNION ALL SELECT * FROM v0, t20 NATURAL LEFT JOIN t0 WHERE (((((t0.c2 LIKE t0.c0 ESCAPE ((t0.c1) IS NULL))) ::INT4)) IS NULL);
--	at sqlancer.common.query.SQLQueryAdapter.checkException(SQLQueryAdapter.java:111)
--	at sqlancer.common.query.SQLQueryAdapter.executeAndGet(SQLQueryAdapter.java:141)
--	at sqlancer.ComparatorHelper.getResultSetFirstColumnAsString(ComparatorHelper.java:55)
--	at sqlancer.ComparatorHelper.getCombinedResultSet(ComparatorHelper.java:140)
--	at sqlancer.duckdb.test.DuckDBQueryPartitioningWhereTester.check(DuckDBQueryPartitioningWhereTester.java:39)
--	at sqlancer.ProviderAdapter.generateAndTestDatabase(ProviderAdapter.java:61)
--	at sqlancer.Main$DBMSExecutor.run(Main.java:364)
--	at sqlancer.Main$2.run(Main.java:559)
--	at sqlancer.Main$2.runThread(Main.java:541)
--	at sqlancer.Main$2.run(Main.java:532)
--	at java.base/java.util.concurrent.ThreadPoolExecutor.runWorker(ThreadPoolExecutor.java:1128)
--	at java.base/java.util.concurrent.ThreadPoolExecutor$Worker.run(ThreadPoolExecutor.java:628)
--	at java.base/java.lang.Thread.run(Thread.java:834)
--Caused by: java.sql.SQLException: java.sql.SQLException: INTERNAL Error: TableCatalogEntry::GetStatistics column_id out of range
--	at org.duckdb.DuckDBPreparedStatement.prepare(DuckDBPreparedStatement.java:111)
--	at org.duckdb.DuckDBPreparedStatement.executeQuery(DuckDBPreparedStatement.java:179)
--	at sqlancer.common.query.SQLQueryAdapter.executeAndGet(SQLQueryAdapter.java:131)
--	... 11 more
--Caused by: java.sql.SQLException: INTERNAL Error: TableCatalogEntry::GetStatistics column_id out of range
--	at org.duckdb.DuckDBNative.duckdb_jdbc_prepare(Native Method)
--	at org.duckdb.DuckDBPreparedStatement.prepare(DuckDBPreparedStatement.java:101)
--	... 13 more
---- Time: 2023/04/27 14:31:53
-- Database: database4
-- Database version: v0.5.1
-- seed value: 1682572622107
CREATE TABLE t0(c0 DATE DEFAULT('-925517928'), c1 DATETIME, c2 FLOAT4 DEFAULT(-1.68306607E9), PRIMARY KEY(c2, c1));
CREATE TABLE t20(c0 DATETIME, PRIMARY KEY(c0));
VACUUM;
INSERT INTO t20(c0) VALUES (true), (TIMESTAMP '1969-12-22 07:00:23');
INSERT INTO t20(c0) VALUES (0.8355380584766703), (false);
INSERT INTO t0(c1, c2, c0) VALUES (DATE '1970-01-19', -1.044244391E9, TIMESTAMP '1969-12-24 23:23:19');
INSERT INTO t0(c1) VALUES (384733831);
INSERT INTO t20(c0) VALUES ('');
INSERT INTO t0(c2) VALUES ('jSG');
INSERT INTO t20(c0) VALUES (DEFAULT);
INSERT INTO t20(c0) VALUES (TIMESTAMP '1969-12-10 17:35:28');
INSERT INTO t0(c0, c1) VALUES (false, 0.6431582504057921);
INSERT INTO t0(c0, c1) VALUES (1163940969, TIMESTAMP '1970-01-16 10:33:12'), (true, DATE '1969-12-28');
INSERT INTO t20(c0) VALUES (0.896668007509412);
INSERT INTO t0(c2, c1) VALUES (false, 555041645);
INSERT INTO t20(c0) VALUES ('\d'), (-362750984);
INSERT INTO t20(c0) VALUES (0.596213036518398);
INSERT INTO t20(c0) VALUES ('*#');
INSERT INTO t0(c0) VALUES (TIMESTAMP '1970-01-04 15:54:46'), (0.2602469839912188);
INSERT INTO t0(c0, c1, c2) VALUES ('', TIMESTAMP '1970-01-15 13:26:10', 0.17801750509321346);
INSERT INTO t20(c0) VALUES (-915541519), (0.2762702906251452), (false);
INSERT INTO t0(c1) VALUES (true), (-1419228924);
INSERT INTO t20(c0) VALUES (false);
INSERT INTO t0(c1, c2, c0) VALUES (0.5506267638729173, '3]	JAO', 0.30877398142430246);
INSERT INTO t20(c0) VALUES (-1488119305), (''), (DEFAULT);
INSERT INTO t20(c0) VALUES (0.18841223735705215), (DATE '1970-01-21');
INSERT INTO t20(c0) VALUES (TIMESTAMP '1970-01-17 12:14:22');
INSERT INTO t20(c0) VALUES (1416083876);
INSERT INTO t20(c0) VALUES (TIMESTAMP '1969-12-09 09:46:09');
INSERT INTO t0(c2) VALUES (-979147605);
INSERT INTO t0(c2, c0) VALUES (DATE '1969-12-13', false);
INSERT INTO t0(c1) VALUES ('೩ꑌ4~Rykw');
INSERT INTO t0(c2) VALUES (0.5299874870503213);
INSERT INTO t0(c2) VALUES (DATE '1970-01-01'), (TIMESTAMP '1969-12-09 13:59:43');
INSERT INTO t20(c0) VALUES (9.80452926E8);
INSERT INTO t20(c0) VALUES (0.005209227788901205);
INSERT INTO t20(c0) VALUES (-2064837706);
INSERT INTO t0(c2) VALUES (TIMESTAMP '1969-12-22 11:22:18');
INSERT INTO t20(c0) VALUES (TIMESTAMP '1969-12-25 14:12:55'), (true);
INSERT INTO t20(c0) VALUES (DATE '1969-12-23');
INSERT INTO t20(c0) VALUES (true), (false);
INSERT INTO t20(c0) VALUES (false);
INSERT INTO t20(c0) VALUES (-258548478);
INSERT INTO t0(c1, c0, c2) VALUES (DATE '1969-12-28', true, true), (DATE '1969-12-21', DEFAULT, DATE '1969-12-29'), (TIMESTAMP '1969-12-09 22:23:46', TIMESTAMP '1969-12-31 06:29:52', -416792604);
INSERT INTO t20(c0) VALUES (0.7747526370242143);
INSERT INTO t20(c0) VALUES (TIMESTAMP '1970-01-14 00:21:23');
CREATE VIEW v0(c0, c1, c2) AS SELECT t0.c2, ((((t0.c1) COLLATE C)) ::DOUBLE), (LOWER(t0.c0) LIKE TIMESTAMP '1969-12-31 00:44:42' ESCAPE (((TIMESTAMP '1969-12-18 23:39:03')AND(0.34921254269560664)) LIKE ((TIMESTAMP '1970-01-21 19:13:18')!~(DATE '1970-01-10')) ESCAPE (CASE TIMESTAMP '1970-01-06 16:38:36' WHEN 0.1128753239605983 THEN t0.c1 ELSE 0.4928805537338016 END ))) FROM t0 WHERE (NULL LIKE 0.5842504705892991 ESCAPE t0.c2) GROUP BY t0.c1, (((((CASE -1049733273 WHEN t0.c1 THEN t0.c2 ELSE -1044244391 END ))NOT SIMILAR TO(t0.c2)))|(false)), t0.c2 LIMIT 345177566;
CREATE VIEW v0(c0) AS SELECT t0.c2 FROM t0 GROUP BY t0.c1 ORDER BY t0.c1 LIMIT 810221874 OFFSET 1036978630;
CREATE VIEW v0(c0) AS SELECT (t0.c0 IN ((STRIP_ACCENTS(t0.c0) NOT BETWEEN t20.c0 AND (+ '0.9565942650127217')))) FROM t0, t20 ORDER BY t0.c1, DATE '1970-01-04' DESC, t0.c1, ((t20.c0) COLLATE POSIX), ((t0.c0) COLLATE NOACCENT) ASC LIMIT 1187291378;
CREATE VIEW v0(c0) AS SELECT t0.c1 FROM t0 GROUP BY t0.c1 LIMIT 1887508271 OFFSET 891554230;
INSERT INTO t20(c0) VALUES (DATE '1970-01-02'), (TIMESTAMP '1970-01-17 08:29:17');
INSERT INTO t0(c2, c0) VALUES (TIMESTAMP '1970-01-17 03:35:20', TIMESTAMP '1970-01-26 01:21:32'), (TIMESTAMP '1969-12-18 20:49:49', 0.13918646575960347), (DEFAULT, TIMESTAMP '1970-01-20 02:38:00');
INSERT INTO t20(c0) VALUES (81058974);
INSERT INTO t20(c0) VALUES (0.993522273808764);
INSERT INTO t0(c2, c0) VALUES (1601899834, '-2093032907'), ('0.725587638612266', TIMESTAMP '1969-12-09 06:54:35');
INSERT INTO t0(c2, c0) VALUES (TIMESTAMP '1969-12-17 15:39:05', true), (NULL, true);
INSERT INTO t0(c0, c2) VALUES (DATE '1969-12-26', TIMESTAMP '1969-12-14 23:41:12');
INSERT INTO t0(c0) VALUES ('1462168097');
INSERT INTO t20(c0) VALUES ('');
INSERT INTO t0(c0, c2, c1) VALUES ('', TIMESTAMP '1970-01-01 08:00:00', 900611500);
INSERT INTO t0(c1) VALUES (-844959732), (true), (0.6118467697165311);
INSERT INTO t20(c0) VALUES (1229170541);
INSERT INTO t20(c0) VALUES (0.33682225127444276), (-1842720208);
INSERT INTO t0(c0) VALUES (false);
INSERT INTO t0(c2) VALUES (DATE '1969-12-14');
INSERT INTO t0(c0) VALUES (0.9113352754529179);
INSERT INTO t20(c0) VALUES (1610840197);
INSERT INTO t0(c1, c0) VALUES (TIMESTAMP '1970-01-05 14:04:05', 1462168097);
INSERT INTO t0(c0, c1, c2) VALUES (false, '0.748986551844792', true);
INSERT INTO t0(c2) VALUES ('^'), (DEFAULT);
INSERT INTO t0(c1, c2) VALUES (0.8881576313597904, 'I[');
INSERT INTO t0(c1, c0, c2) VALUES (TIMESTAMP '1970-01-19 04:31:39', false, false);
INSERT INTO t0(c1, c2) VALUES (-8.51861911E8, 0.3048081539797446);
INSERT INTO t20(c0) VALUES (0.16322681006535344);
INSERT INTO t0(c1, c2, c0) VALUES (0.2782564732638996, true, TIMESTAMP '1969-12-25 00:47:44');
INSERT INTO t0(c0, c1) VALUES (TIMESTAMP '1969-12-12 06:51:57', 0.2364529261643391);
INSERT INTO t0(c1, c2, c0) VALUES (-1860071936, '-1779852713', false);
INSERT INTO t0(c1, c0, c2) VALUES ('', 0.2570653945584508, 'K');
INSERT INTO t0(c0) VALUES ('0U55'), (0.14216183692903395), (TIMESTAMP '1970-01-20 17:19:50');
INSERT INTO t0(c2, c0, c1) VALUES (1878871063, '-844959732', 0.07262366688538568);
INSERT INTO t20(c0) VALUES (false);
INSERT INTO t20(c0) VALUES (DATE '1970-01-07');
INSERT INTO t20(c0) VALUES (DEFAULT);
INSERT INTO t20(c0) VALUES (-808179065), (true), (TIMESTAMP '1970-01-22 01:39:30');
INSERT INTO t0(c0, c2, c1) VALUES (-792933698, DEFAULT, '-925517928'), (DATE '1970-01-09', TIMESTAMP '1969-12-09 00:32:22', DATE '1970-01-02');
INSERT INTO t0(c2) VALUES (DATE '1970-01-09'), (2128076651);
INSERT INTO t0(c2) VALUES (false), (DATE '1970-01-11');
INSERT INTO t0(c1, c2, c0) VALUES (true, TIMESTAMP '1969-12-16 17:03:50', 2073463081);
INSERT INTO t0(c2, c0) VALUES ('-381431946', DATE '1969-12-28');
INSERT INTO t20(c0) VALUES ('0.7686120693360342');
INSERT INTO t20(c0) VALUES (-710086494), (0.0456474835102566), (DEFAULT);
INSERT INTO t0(c0, c1) VALUES (false, 1873767697);
INSERT INTO t20(c0) VALUES (TIMESTAMP '1970-01-21 22:01:16');
INSERT INTO t0(c2, c0) VALUES (TIMESTAMP '1970-01-02 23:13:54', TIMESTAMP '1969-12-13 12:40:56');
INSERT INTO t20(c0) VALUES (2023329531), (DEFAULT);
INSERT INTO t20(c0) VALUES (DEFAULT), (TIMESTAMP '1969-12-10 05:37:22');
INSERT INTO t20(c0) VALUES (DATE '1970-01-24');
INSERT INTO t20(c0) VALUES (NULL);
INSERT INTO t0(c1) VALUES (DATE '1970-01-24'), ('p}J)');
INSERT INTO t0(c0, c1, c2) VALUES (TIMESTAMP '1969-12-29 22:31:23', DEFAULT, false);
INSERT INTO t0(c1, c2) VALUES (324972173, DATE '1970-01-25');
INSERT INTO t0(c2, c1) VALUES (2128076651, DATE '1969-12-09');
INSERT INTO t20(c0) VALUES (DEFAULT), (DATE '1970-01-18');
INSERT INTO t20(c0) VALUES (385110291);
INSERT INTO t0(c2) VALUES (1462168097);
INSERT INTO t0(c2, c1, c0) VALUES (-1.044244391E9, DATE '1970-01-04', true);
INSERT INTO t20(c0) VALUES (DATE '1969-12-20'), (TIMESTAMP '1969-12-21 09:42:06');
INSERT INTO t0(c2, c0) VALUES (0.023474057255323033, false);
INSERT INTO t0(c1) VALUES (3.85110291E8);
INSERT INTO t20(c0) VALUES (false);
INSERT INTO t20(c0) VALUES (DEFAULT);
INSERT INTO t0(c1, c2, c0) VALUES (true, TIMESTAMP '1969-12-15 21:46:11', 2063307831);
INSERT INTO t20(c0) VALUES ('');
INSERT INTO t0(c1) VALUES (TIMESTAMP '1970-01-05 05:50:23');
INSERT INTO t0(c2, c0) VALUES (TIMESTAMP '1969-12-21 14:07:55', DEFAULT), ('', DATE '1970-01-02');
INSERT INTO t20(c0) VALUES (0.27486702389318807);
INSERT INTO t0(c0, c2, c1) VALUES (DATE '1969-12-11', DATE '1969-12-24', TIMESTAMP '1969-12-10 03:30:09'), (TIMESTAMP '1970-01-05 15:06:50', -1.33918047E8, false), (DATE '1969-12-10', true, DEFAULT);
INSERT INTO t0(c2, c0, c1) VALUES (DATE '1969-12-27', false, 0.8967083391809128), (996884692, DATE '1970-01-14', 0.8104914833088258);
INSERT INTO t20(c0) VALUES ('&');
INSERT INTO t20(c0) VALUES (''), (2101465655);
INSERT INTO t0(c1, c2) VALUES ('0.7830512373799122', DATE '1970-01-19');
INSERT INTO t0(c1, c2, c0) VALUES (TIMESTAMP '1970-01-22 17:12:06', -340295032, DATE '1969-12-09');
ANALYZE;
INSERT INTO t0(c2) VALUES (TIMESTAMP '1970-01-25 01:08:42');
INSERT INTO t20(c0) VALUES (TIMESTAMP '1969-12-27 14:21:47');
INSERT INTO t0(c0, c1, c2) VALUES (DEFAULT, DEFAULT, false), (false, -386307745, 869557741);
INSERT INTO t20(c0) VALUES (-818791204);
INSERT INTO t20(c0) VALUES (DATE '1970-01-14');
INSERT INTO t0(c2, c1) VALUES (4.94029637E8, TIMESTAMP '1969-12-20 17:51:10'), (0.17590421826857983, DATE '1969-12-28');
INSERT INTO t20(c0) VALUES (TIMESTAMP '1969-12-25 10:10:29');
INSERT INTO t0(c0) VALUES (218213844), ('');
INSERT INTO t0(c1, c2) VALUES ('Eϝ', true);
INSERT INTO t0(c0, c1, c2) VALUES (true, DEFAULT, DEFAULT);
INSERT INTO t20(c0) VALUES (-1263577302), (-1064826290);
INSERT INTO t0(c2, c1) VALUES (2.4717053E7, false);
INSERT INTO t0(c0, c1) VALUES (DATE '1970-01-25', '');
INSERT INTO t0(c0, c2, c1) VALUES (DATE '1970-01-08', TIMESTAMP '1969-12-25 21:23:52', DATE '1969-12-19');
INSERT INTO t0(c0, c1) VALUES (0.9546647611489317, -528001791);
INSERT INTO t0(c0) VALUES (TIMESTAMP '1970-01-03 13:23:03');
INSERT INTO t20(c0) VALUES (2037639261);
INSERT INTO t20(c0) VALUES (false);
INSERT INTO t20(c0) VALUES (-530223565);
INSERT INTO t20(c0) VALUES (0.567704534751744);
INSERT INTO t20(c0) VALUES (DATE '1970-01-10');
INSERT INTO t20(c0) VALUES (-1184145492), (0.40616009495294836);
INSERT INTO t20(c0) VALUES (743744099);
INSERT INTO t20(c0) VALUES (-1195236698);
INSERT INTO t0(c2, c1, c0) VALUES (true, DEFAULT, NULL), (false, -589690709, 0.4903654919878384), ('263168614', false, -1207216307);
INSERT INTO t0(c0) VALUES (DATE '1969-12-18');
INSERT INTO t20(c0) VALUES (-892383820), (DATE '1970-01-07');
INSERT INTO t20(c0) VALUES (TIMESTAMP '1970-01-25 08:33:00');
INSERT INTO t20(c0) VALUES (false), (true);
INSERT INTO t0(c1) VALUES (DEFAULT), (DATE '1970-01-06');
INSERT INTO t0(c1, c0) VALUES (-1594565691, TIMESTAMP '1970-01-24 09:49:53'), (DATE '1970-01-12', TIMESTAMP '1970-01-01 03:16:23');
INSERT INTO t0(c0) VALUES (869557741);
INSERT INTO t0(c2, c0) VALUES (1416454804, 0.31255791009169054);
INSERT INTO t0(c0) VALUES (-2121943324);
INSERT INTO t0(c1, c0) VALUES (true, TIMESTAMP '1969-12-17 10:26:56');
INSERT INTO t0(c1, c0) VALUES (DATE '1970-01-03', '');
INSERT INTO t20(c0) VALUES (2057544609), (true);
INSERT INTO t0(c0) VALUES (DATE '1970-01-25');
INSERT INTO t0(c1, c2, c0) VALUES (DATE '1970-01-01', '', TIMESTAMP '1969-12-16 10:57:22');
INSERT INTO t0(c0, c1) VALUES (-1763408541, DATE '1969-12-08'), (true, TIMESTAMP '1970-01-21 07:16:31'), (0.3286573942461293, 1.483148521E9);
INSERT INTO t20(c0) VALUES (false);
INSERT INTO t20(c0) VALUES (-2093032907);
INSERT INTO t0(c1, c2, c0) VALUES (DEFAULT, 0.6479153413002371, DATE '1969-12-18');
INSERT INTO t20(c0) VALUES (false), (true);
INSERT INTO t20(c0) VALUES (DATE '1970-01-07');
INSERT INTO t20(c0) VALUES (0.31989056815078676);
INSERT INTO t0(c1, c2, c0) VALUES (TIMESTAMP '1970-01-07 00:22:40', '0.21680683282327906', DEFAULT);
INSERT INTO t0(c2, c1, c0) VALUES (TIMESTAMP '1970-01-07 13:41:52', -1763408541, 0.19832263056904864), (0.4903654919878384, NULL, DATE '1970-01-10');
INSERT INTO t0(c1, c2, c0) VALUES (-1334787515, '-1197421734', 1084470585), (-250425543, TIMESTAMP '1969-12-13 02:18:56', '');
INSERT INTO t0(c0, c2, c1) VALUES ('S', TIMESTAMP '1970-01-23 04:38:23', DATE '1970-01-24');
INSERT INTO t0(c1, c0, c2) VALUES (false, true, 0.38494740002740824), (0.055741340671163986, TIMESTAMP '1970-01-01 08:00:00', DATE '1969-12-30'), ('!?', false, 0.17526076633997156);
INSERT INTO t20(c0) VALUES (DATE '1969-12-18');
INSERT INTO t20(c0) VALUES (true);
INSERT INTO t0(c2, c0, c1) VALUES (0.8337109202092419, TIMESTAMP '1969-12-31 13:46:14', 0.5831486037615438);
INSERT INTO t0(c1) VALUES (DEFAULT);
INSERT INTO t20(c0) VALUES (TIMESTAMP '1970-01-03 06:28:17'), (DATE '1969-12-22');
INSERT INTO t20(c0) VALUES (false);
INSERT INTO t20(c0) VALUES (TIMESTAMP '1969-12-28 20:02:36'), (-1470956833);
INSERT INTO t0(c2, c0) VALUES (0.22138465602563795, '>#_%e');
INSERT INTO t20(c0) VALUES (TIMESTAMP '1970-01-02 03:28:55'), (TIMESTAMP '1969-12-31 12:32:13');
INSERT INTO t0(c2) VALUES (false);
INSERT INTO t20(c0) VALUES (TIMESTAMP '1969-12-15 05:18:35'), ('ꡦM');
INSERT INTO t20(c0) VALUES (DEFAULT);
INSERT INTO t20(c0) VALUES (false), (955861608), ('0.09775194533320608');
INSERT INTO t20(c0) VALUES (-974822301), (DEFAULT);
INSERT INTO t0(c2) VALUES (0.649752696969775);
INSERT INTO t0(c0, c2) VALUES (false, 'C'), ('	*}P', DEFAULT);
INSERT INTO t0(c2, c1) VALUES (-1977840976, DATE '1970-01-23'), (0.9885643799291778, DEFAULT);
INSERT INTO t0(c2) VALUES (0.19080604420351943);
INSERT INTO t20(c0) VALUES (404336446);
INSERT INTO t0(c1, c0, c2) VALUES (false, TIMESTAMP '1969-12-27 10:07:50', 0.6609686658191257);
INSERT INTO t20(c0) VALUES (TIMESTAMP '1970-01-20 23:20:34');
INSERT INTO t20(c0) VALUES (DEFAULT), (DATE '1969-12-23'), (DATE '1970-01-18');
INSERT INTO t0(c2, c0, c1) VALUES (true, TIMESTAMP '1969-12-17 14:53:36', DEFAULT);
INSERT INTO t20(c0) VALUES (DATE '1970-01-14');
INSERT INTO t20(c0) VALUES ('');
INSERT INTO t20(c0) VALUES (0.29188391722843265), (TIMESTAMP '1970-01-13 10:03:54');
INSERT INTO t0(c2, c1, c0) VALUES (0.44131140375781985, DATE '1969-12-10', '-1918616584');
INSERT INTO t0(c2, c0) VALUES (false, DEFAULT);
INSERT INTO t20(c0) VALUES (TIMESTAMP '1969-12-23 14:03:08');
UPDATE t0 SET c1=true, c2=DATE '1970-01-23', c0=1260370701;
UPDATE t0 SET c2=false, c1=-1248291136;
UPDATE t0 SET c0=1.739945397E9, c2='-851861911', c1=1928393063;
UPDATE t0 SET c0=true, c2=t0.c2, c1=true;
UPDATE t0 SET c2=false, c1=1785269020;
UPDATE t20 SET c0=-928324433;
UPDATE t0 SET c2=false, c0=DATE '1969-12-09';
UPDATE t0 SET c1=1426787159, c0=0.566963532424934;
UPDATE t20 SET c0=TIMESTAMP '1969-12-25 23:25:23';
UPDATE t0 SET c1='1483148521';
UPDATE t0 SET c0='', c2='-928324433', c1=TIMESTAMP '1970-01-06 00:19:29';
UPDATE t20 SET c0=DATE '1970-01-07';
UPDATE t0 SET c2=DATE '1970-01-02', c1=0.8640818549006014;
UPDATE t20 SET c0=DATE '1969-12-20';
UPDATE t20 SET c0='6/gC';
UPDATE t0 SET c0=TIMESTAMP '1970-01-09 09:07:02', c1=0.6580437367956815, c2='-1044244391';
UPDATE t20 SET c0=TIMESTAMP '1969-12-19 14:33:44';
UPDATE t0 SET c2=0.8726612780050191;
INSERT INTO t0(c1, c2) VALUES (0.5240015845128873, DEFAULT), (true, '!G>An{''ox');
INSERT INTO t0(c2, c1, c0) VALUES ('', DATE '1970-01-11', DATE '1969-12-31'), (TIMESTAMP '1970-01-12 15:17:02', true, DATE '1969-12-30');
INSERT INTO t0(c0) VALUES (TIMESTAMP '1970-01-22 14:52:52');
INSERT INTO t20(c0) VALUES (DATE '1970-01-05'), (TIMESTAMP '1969-12-26 00:37:02');
EXPLAIN SELECT ((0.5743452745405451) COLLATE NOACCENT) FROM t0, t20 GROUP BY (- TIMESTAMP '1970-01-12 09:57:17'), (TIMESTAMP '1969-12-28 13:48:33' LIKE (((t0.c2 NOT IN (322521646)))SIMILAR TO(t20.c0)) ESCAPE (((DATE '1969-12-14' LIKE '' ESCAPE t0.c0))-((CASE t0.c0 WHEN TIMESTAMP '1969-12-17 14:53:36' THEN -976131367 ELSE t0.c0 END )))), ((((((true)~(t0.c1)))||(1839172061))) IS NULL) HAVING t0.c0 LIMIT 1354415416;
EXPLAIN SELECT true FROM v0, t20, t0 WHERE (CASE v0.rowid WHEN 0.45614088911227957 THEN ((((0.11105413961365962) COLLATE C)) COLLATE NOACCENT) ELSE (((TIMESTAMP '1969-12-11 17:58:13') COLLATE NOACCENT) IN (t20.c0)) END ) OFFSET 934963166;
EXPLAIN SELECT t0.c2 FROM t20, t0 WHERE ((t0.c0)<<((DATE '1970-01-22' IN (true)))) HAVING STRING_AGG((('' LIKE t0.c2 ESCAPE TIMESTAMP '1969-12-23 12:41:44') IN (NULL, DATE '1970-01-10', ((t0.c1)AND(t0.c1))))) ORDER BY DATE '1969-12-09';
EXPLAIN SELECT ((((v0.rowid BETWEEN t20.c0 AND -9.21326874E8) LIKE (- 0.9488055271193295) ESCAPE (v0.c0 NOT IN (0.8979103372524546))))NOT LIKE(((0.9602039543645585 NOT BETWEEN TIMESTAMP '1970-01-17 18:27:30' AND 'zo(+P') BETWEEN t20.c0 AND 1189496348))) FROM v0, t20 WHERE DEGREES(((((v0.c0) COLLATE NOCASE)) COLLATE NOACCENT)) GROUP BY DATE '1969-12-12', ((-1649097836)OR(v0.rowid)), (((t20.c0) COLLATE POSIX) NOT BETWEEN (0.2849881730379782 NOT IN (DATE '1969-12-22')) AND v0.c0) HAVING v0.c0 LIMIT 1407402566;
EXPLAIN SELECT ((v0.c0) COLLATE POSIX) FROM v0, t20, t0 WHERE t0.c0 GROUP BY (t0.c0 NOT IN (v0.c0, (((true) ::TIMESTAMP) LIKE ((t0.c0) ::VARCHAR) ESCAPE (v0.c0 IN (v0.c0))), DATE '1969-12-26')) HAVING SUM(DATE '1969-12-27') ORDER BY t0.c1 LIMIT 1116285299;
EXPLAIN SELECT DATE '1969-12-20' FROM v0 WHERE ']G\r' OFFSET 404938466;
INSERT INTO t0(c2, c0, c1) VALUES (1457955271, '', DATE '1970-01-21');
INSERT INTO t20(c0) VALUES (DEFAULT);
INSERT INTO t0(c1, c0, c2) VALUES ('282435918', DEFAULT, 'dCz[g');
INSERT INTO t20(c0) VALUES (0.07899408365220728);
INSERT INTO t0(c1, c0, c2) VALUES (0.04505317211682425, '耬4', ''), (DATE '1970-01-09', DEFAULT, 963390303), (0.19448042483120287, 869557741, false);
INSERT INTO t20(c0) VALUES ('r콶<ツF');
INSERT INTO t0(c0, c2) VALUES (TIMESTAMP '1970-01-22 17:11:55', TIMESTAMP '1969-12-26 19:47:27');
INSERT INTO t0(c1, c2, c0) VALUES (-1779852713, DATE '1970-01-18', '');
INSERT INTO t0(c1) VALUES (DATE '1969-12-30');
INSERT INTO t20(c0) VALUES (false);
INSERT INTO t20(c0) VALUES (DATE '1970-01-18');
INSERT INTO t20(c0) VALUES (DATE '1970-01-18');
INSERT INTO t20(c0) VALUES (-1909357231);
INSERT INTO t20(c0) VALUES (false), (TIMESTAMP '1970-01-12 18:01:51'), (0.7829610607106154);
INSERT INTO t0(c1) VALUES (869557741);
INSERT INTO t0(c2) VALUES (TIMESTAMP '1969-12-11 00:39:55');
INSERT INTO t0(c2, c1) VALUES (DEFAULT, TIMESTAMP '1969-12-19 10:41:39'), (false, DATE '1969-12-18'), ('30387212', TIMESTAMP '1970-01-12 23:08:17');
INSERT INTO t0(c1, c0) VALUES (1684317238, '-1044244391');
INSERT INTO t0(c0, c2, c1) VALUES (282435918, true, 'xx녉㥃䅏c&y9');
INSERT INTO t20(c0) VALUES (DATE '1969-12-26'), (DATE '1970-01-17');
INSERT INTO t20(c0) VALUES (TIMESTAMP '1970-01-12 09:12:07');
INSERT INTO t0(c0, c2) VALUES (TIMESTAMP '1969-12-30 01:36:30', true);
INSERT INTO t0(c2, c0, c1) VALUES (DEFAULT, true, -220708784);
INSERT INTO t20(c0) VALUES ('');
INSERT INTO t20(c0) VALUES (-1465996629);
INSERT INTO t0(c2, c0) VALUES (0.618911374380214, '61Z0');
INSERT INTO t20(c0) VALUES (DATE '1969-12-09');
INSERT INTO t0(c1) VALUES (DATE '1969-12-09');
INSERT INTO t0(c0, c1) VALUES (TIMESTAMP '1970-01-08 08:35:37', TIMESTAMP '1969-12-22 00:31:44');
